2024-12-04 19:33:47,050 - Engine run starting with max_epochs=10.
2024-12-04 19:36:31,236 - Engine run starting with max_epochs=1.
2024-12-04 19:36:48,988 - Epoch[1] Complete. Time taken: 00:00:17.752
2024-12-04 19:36:48,988 - Engine run complete. Time taken: 00:00:17.752
2024-12-04 19:36:48,988 - Epoch 1: Train Loss: 2.5828, Train Accuracy: 0.1956, Validation Loss: 2.4561, Validation Accuracy: 0.2255
2024-12-04 19:36:49,628 - Epoch[1] Complete. Time taken: 00:03:02.578
2024-12-04 19:39:32,977 - Engine run starting with max_epochs=1.
2024-12-04 19:39:49,979 - Epoch[1] Complete. Time taken: 00:00:17.002
2024-12-04 19:39:49,979 - Engine run complete. Time taken: 00:00:17.002
2024-12-04 19:39:49,979 - Epoch 2: Train Loss: 2.4592, Train Accuracy: 0.2197, Validation Loss: 2.4364, Validation Accuracy: 0.2207
2024-12-04 19:39:50,625 - Epoch[2] Complete. Time taken: 00:03:00.997
2024-12-04 19:42:31,683 - Engine run starting with max_epochs=1.
2024-12-04 19:42:48,912 - Epoch[1] Complete. Time taken: 00:00:17.229
2024-12-04 19:42:48,913 - Engine run complete. Time taken: 00:00:17.230
2024-12-04 19:42:48,913 - Epoch 3: Train Loss: 2.4164, Train Accuracy: 0.2352, Validation Loss: 2.3743, Validation Accuracy: 0.2417
2024-12-04 19:42:49,529 - Epoch[3] Complete. Time taken: 00:02:58.903
2024-12-04 19:45:30,908 - Engine run starting with max_epochs=1.
2024-12-04 19:45:48,137 - Epoch[1] Complete. Time taken: 00:00:17.229
2024-12-04 19:45:48,137 - Engine run complete. Time taken: 00:00:17.229
2024-12-04 19:45:48,137 - Epoch 4: Train Loss: 2.3605, Train Accuracy: 0.2500, Validation Loss: 2.3615, Validation Accuracy: 0.2441
2024-12-04 19:45:48,807 - Epoch[4] Complete. Time taken: 00:02:59.279
2024-12-04 19:48:30,700 - Engine run starting with max_epochs=1.
2024-12-04 19:48:47,573 - Epoch[1] Complete. Time taken: 00:00:16.872
2024-12-04 19:48:47,573 - Engine run complete. Time taken: 00:00:16.872
2024-12-04 19:48:47,573 - Epoch 5: Train Loss: 2.3074, Train Accuracy: 0.2651, Validation Loss: 2.3001, Validation Accuracy: 0.2619
2024-12-04 19:48:48,245 - Epoch[5] Complete. Time taken: 00:02:59.438
2024-12-04 19:51:31,018 - Engine run starting with max_epochs=1.
2024-12-04 19:51:48,247 - Epoch[1] Complete. Time taken: 00:00:17.229
2024-12-04 19:51:48,247 - Engine run complete. Time taken: 00:00:17.229
2024-12-04 19:51:48,247 - Epoch 6: Train Loss: 2.2587, Train Accuracy: 0.2739, Validation Loss: 2.2585, Validation Accuracy: 0.2846
2024-12-04 19:51:48,931 - Epoch[6] Complete. Time taken: 00:03:00.686
2024-12-04 19:54:33,083 - Engine run starting with max_epochs=1.
2024-12-04 19:54:50,988 - Epoch[1] Complete. Time taken: 00:00:17.905
2024-12-04 19:54:50,988 - Engine run complete. Time taken: 00:00:17.905
2024-12-04 19:54:50,990 - Epoch 7: Train Loss: 2.1943, Train Accuracy: 0.2965, Validation Loss: 2.1582, Validation Accuracy: 0.3104
2024-12-04 19:54:51,659 - Epoch[7] Complete. Time taken: 00:03:02.728
2024-12-04 19:57:36,056 - Engine run starting with max_epochs=1.
2024-12-04 19:57:53,687 - Epoch[1] Complete. Time taken: 00:00:17.631
2024-12-04 19:57:53,687 - Engine run complete. Time taken: 00:00:17.631
2024-12-04 19:57:53,687 - Epoch 8: Train Loss: 2.1326, Train Accuracy: 0.3081, Validation Loss: 2.1741, Validation Accuracy: 0.3064
2024-12-04 19:57:54,398 - Epoch[8] Complete. Time taken: 00:03:02.739
2024-12-04 20:00:37,210 - Engine run starting with max_epochs=1.
2024-12-04 20:00:54,543 - Epoch[1] Complete. Time taken: 00:00:17.334
2024-12-04 20:00:54,543 - Engine run complete. Time taken: 00:00:17.334
2024-12-04 20:00:54,543 - Epoch 9: Train Loss: 2.0670, Train Accuracy: 0.3332, Validation Loss: 2.0719, Validation Accuracy: 0.3557
2024-12-04 20:00:55,262 - Epoch[9] Complete. Time taken: 00:03:00.864
2024-12-04 20:03:38,710 - Engine run starting with max_epochs=1.
2024-12-04 20:03:56,048 - Epoch[1] Complete. Time taken: 00:00:17.336
2024-12-04 20:03:56,048 - Engine run complete. Time taken: 00:00:17.337
2024-12-04 20:03:56,048 - Epoch 10: Train Loss: 1.9751, Train Accuracy: 0.3659, Validation Loss: 2.0179, Validation Accuracy: 0.3678
2024-12-04 20:03:56,738 - Epoch[10] Complete. Time taken: 00:03:01.476
2024-12-04 20:03:56,738 - Engine run complete. Time taken: 00:30:09.687
2024-12-04 20:08:52,333 - Engine run starting with max_epochs=100.
2024-12-04 20:11:33,954 - Engine run starting with max_epochs=1.
2024-12-04 20:11:50,991 - Epoch[1] Complete. Time taken: 00:00:17.036
2024-12-04 20:11:50,991 - Engine run complete. Time taken: 00:00:17.038
2024-12-04 20:11:50,991 - Epoch 1: Train Loss: 2.6110, Train Accuracy: 0.1917, Validation Loss: 2.5423, Validation Accuracy: 0.2021
2024-12-04 20:11:51,644 - Epoch[1] Complete. Time taken: 00:02:59.312
2024-12-04 20:14:31,989 - Engine run starting with max_epochs=1.
2024-12-04 20:14:49,109 - Epoch[1] Complete. Time taken: 00:00:17.120
2024-12-04 20:14:49,109 - Engine run complete. Time taken: 00:00:17.120
2024-12-04 20:14:49,110 - Epoch 2: Train Loss: 2.5473, Train Accuracy: 0.2032, Validation Loss: 2.5402, Validation Accuracy: 0.2021
2024-12-04 20:14:49,763 - Epoch[2] Complete. Time taken: 00:02:58.119
2024-12-04 20:17:29,275 - Engine run starting with max_epochs=1.
2024-12-04 20:17:45,991 - Epoch[1] Complete. Time taken: 00:00:16.716
2024-12-04 20:17:45,991 - Engine run complete. Time taken: 00:00:16.716
2024-12-04 20:17:45,991 - Epoch 3: Train Loss: 2.5444, Train Accuracy: 0.2038, Validation Loss: 2.5384, Validation Accuracy: 0.2021
2024-12-04 20:17:46,595 - Epoch[3] Complete. Time taken: 00:02:56.832
2024-12-04 20:20:26,395 - Engine run starting with max_epochs=1.
2024-12-04 20:20:43,863 - Epoch[1] Complete. Time taken: 00:00:17.468
2024-12-04 20:20:43,863 - Engine run complete. Time taken: 00:00:17.468
2024-12-04 20:20:43,863 - Epoch 4: Train Loss: 2.5454, Train Accuracy: 0.2032, Validation Loss: 2.5349, Validation Accuracy: 0.2021
2024-12-04 20:20:43,864 - Epoch[4] Complete. Time taken: 00:02:57.269
2024-12-04 20:23:24,788 - Engine run starting with max_epochs=1.
2024-12-04 20:23:41,708 - Epoch[1] Complete. Time taken: 00:00:16.921
2024-12-04 20:23:41,709 - Engine run complete. Time taken: 00:00:16.922
2024-12-04 20:23:41,709 - Epoch 5: Train Loss: 2.5427, Train Accuracy: 0.2032, Validation Loss: 2.5324, Validation Accuracy: 0.2021
2024-12-04 20:23:41,711 - Epoch[5] Complete. Time taken: 00:02:57.846
2024-12-04 20:26:55,868 - Engine run starting with max_epochs=1.
2024-12-04 20:27:21,215 - Epoch[1] Complete. Time taken: 00:00:25.347
2024-12-04 20:27:21,215 - Engine run complete. Time taken: 00:00:25.347
2024-12-04 20:27:21,215 - Epoch 6: Train Loss: 2.5430, Train Accuracy: 0.2032, Validation Loss: 2.5385, Validation Accuracy: 0.2021
2024-12-04 20:27:21,218 - Epoch[6] Complete. Time taken: 00:03:39.507
2024-12-04 20:31:15,052 - Engine run starting with max_epochs=1.
2024-12-04 20:31:39,927 - Epoch[1] Complete. Time taken: 00:00:24.873
2024-12-04 20:31:39,927 - Engine run complete. Time taken: 00:00:24.874
2024-12-04 20:31:39,927 - Epoch 7: Train Loss: 2.5424, Train Accuracy: 0.2032, Validation Loss: 2.5341, Validation Accuracy: 0.2021
2024-12-04 20:31:39,929 - Epoch[7] Complete. Time taken: 00:04:18.711
2024-12-04 20:35:34,350 - Engine run starting with max_epochs=1.
2024-12-04 20:35:59,636 - Epoch[1] Complete. Time taken: 00:00:25.284
2024-12-04 20:35:59,636 - Engine run complete. Time taken: 00:00:25.284
2024-12-04 20:35:59,636 - Epoch 8: Train Loss: 2.5416, Train Accuracy: 0.2032, Validation Loss: 2.5344, Validation Accuracy: 0.2021
2024-12-04 20:35:59,638 - Epoch[8] Complete. Time taken: 00:04:19.709
2024-12-04 20:39:52,049 - Engine run starting with max_epochs=1.
2024-12-04 20:40:17,311 - Epoch[1] Complete. Time taken: 00:00:25.262
2024-12-04 20:40:17,311 - Engine run complete. Time taken: 00:00:25.262
2024-12-04 20:40:17,312 - Epoch 9: Train Loss: 2.5418, Train Accuracy: 0.2032, Validation Loss: 2.5338, Validation Accuracy: 0.2021
2024-12-04 20:40:17,314 - Epoch[9] Complete. Time taken: 00:04:17.676
2024-12-04 20:44:09,725 - Engine run starting with max_epochs=1.
2024-12-04 20:44:34,759 - Epoch[1] Complete. Time taken: 00:00:25.033
2024-12-04 20:44:34,759 - Engine run complete. Time taken: 00:00:25.034
2024-12-04 20:44:34,759 - Epoch 10: Train Loss: 2.5411, Train Accuracy: 0.2032, Validation Loss: 2.5336, Validation Accuracy: 0.2021
2024-12-04 20:44:34,760 - Epoch[10] Complete. Time taken: 00:04:17.446
2024-12-04 20:48:28,240 - Engine run starting with max_epochs=1.
2024-12-04 20:48:52,981 - Epoch[1] Complete. Time taken: 00:00:24.741
2024-12-04 20:48:52,981 - Engine run complete. Time taken: 00:00:24.741
2024-12-04 20:48:52,981 - Epoch 11: Train Loss: 2.5406, Train Accuracy: 0.2032, Validation Loss: 2.5336, Validation Accuracy: 0.2021
2024-12-04 20:48:52,984 - Epoch[11] Complete. Time taken: 00:04:18.223
2024-12-04 20:52:46,768 - Engine run starting with max_epochs=1.
2024-12-04 20:53:12,631 - Epoch[1] Complete. Time taken: 00:00:25.861
2024-12-04 20:53:12,632 - Engine run complete. Time taken: 00:00:25.862
2024-12-04 20:53:12,632 - Epoch 12: Train Loss: 2.5407, Train Accuracy: 0.2032, Validation Loss: 2.5313, Validation Accuracy: 0.2021
2024-12-04 20:53:12,633 - Epoch[12] Complete. Time taken: 00:04:19.649
2024-12-04 20:57:06,370 - Engine run starting with max_epochs=1.
2024-12-04 20:57:31,767 - Epoch[1] Complete. Time taken: 00:00:25.396
2024-12-04 20:57:31,767 - Engine run complete. Time taken: 00:00:25.396
2024-12-04 20:57:31,767 - Epoch 13: Train Loss: 2.5400, Train Accuracy: 0.2032, Validation Loss: 2.5319, Validation Accuracy: 0.2021
2024-12-04 20:57:31,769 - Epoch[13] Complete. Time taken: 00:04:19.136
2024-12-04 21:01:25,218 - Engine run starting with max_epochs=1.
2024-12-04 21:01:50,395 - Epoch[1] Complete. Time taken: 00:00:25.176
2024-12-04 21:01:50,395 - Engine run complete. Time taken: 00:00:25.176
2024-12-04 21:01:50,395 - Epoch 14: Train Loss: 2.5396, Train Accuracy: 0.2032, Validation Loss: 2.5350, Validation Accuracy: 0.2021
2024-12-04 21:01:50,398 - Epoch[14] Complete. Time taken: 00:04:18.629
2024-12-04 21:05:43,817 - Engine run starting with max_epochs=1.
2024-12-04 21:06:08,683 - Epoch[1] Complete. Time taken: 00:00:24.866
2024-12-04 21:06:08,683 - Engine run complete. Time taken: 00:00:24.866
2024-12-04 21:06:08,683 - Epoch 15: Train Loss: 2.5402, Train Accuracy: 0.2032, Validation Loss: 2.5319, Validation Accuracy: 0.2021
2024-12-04 21:06:08,685 - Epoch[15] Complete. Time taken: 00:04:18.288
2024-12-04 21:10:01,110 - Engine run starting with max_epochs=1.
2024-12-04 21:10:26,382 - Epoch[1] Complete. Time taken: 00:00:25.272
2024-12-04 21:10:26,382 - Engine run complete. Time taken: 00:00:25.272
2024-12-04 21:10:26,382 - Epoch 16: Train Loss: 2.5399, Train Accuracy: 0.2032, Validation Loss: 2.5327, Validation Accuracy: 0.2021
2024-12-04 21:10:26,384 - Epoch[16] Complete. Time taken: 00:04:17.698
2024-12-04 21:14:19,115 - Engine run starting with max_epochs=1.
2024-12-04 21:14:44,257 - Epoch[1] Complete. Time taken: 00:00:25.142
2024-12-04 21:14:44,258 - Engine run complete. Time taken: 00:00:25.142
2024-12-04 21:14:44,258 - Epoch 17: Train Loss: 2.5401, Train Accuracy: 0.2032, Validation Loss: 2.5313, Validation Accuracy: 0.2021
2024-12-04 21:14:44,259 - Epoch[17] Complete. Time taken: 00:04:17.875
2024-12-04 21:18:36,180 - Engine run starting with max_epochs=1.
2024-12-04 21:19:01,039 - Epoch[1] Complete. Time taken: 00:00:24.858
2024-12-04 21:19:01,039 - Engine run complete. Time taken: 00:00:24.858
2024-12-04 21:19:01,039 - Epoch 18: Train Loss: 2.5398, Train Accuracy: 0.2032, Validation Loss: 2.5321, Validation Accuracy: 0.2021
2024-12-04 21:19:01,041 - Epoch[18] Complete. Time taken: 00:04:16.781
2024-12-04 21:22:53,130 - Engine run starting with max_epochs=1.
2024-12-04 21:23:18,171 - Epoch[1] Complete. Time taken: 00:00:25.042
2024-12-04 21:23:18,171 - Engine run complete. Time taken: 00:00:25.042
2024-12-04 21:23:18,171 - Epoch 19: Train Loss: 2.5395, Train Accuracy: 0.2032, Validation Loss: 2.5330, Validation Accuracy: 0.2021
2024-12-04 21:23:18,173 - Epoch[19] Complete. Time taken: 00:04:17.132
2024-12-04 21:27:11,516 - Engine run starting with max_epochs=1.
2024-12-04 21:27:36,637 - Epoch[1] Complete. Time taken: 00:00:25.122
2024-12-04 21:27:36,637 - Engine run complete. Time taken: 00:00:25.122
2024-12-04 21:27:36,638 - Epoch 20: Train Loss: 2.5403, Train Accuracy: 0.2032, Validation Loss: 2.5349, Validation Accuracy: 0.2021
2024-12-04 21:27:36,639 - Epoch[20] Complete. Time taken: 00:04:18.467
2024-12-04 21:31:29,097 - Engine run starting with max_epochs=1.
2024-12-04 21:31:54,042 - Epoch[1] Complete. Time taken: 00:00:24.945
2024-12-04 21:31:54,042 - Engine run complete. Time taken: 00:00:24.945
2024-12-04 21:31:54,042 - Epoch 21: Train Loss: 2.5394, Train Accuracy: 0.2032, Validation Loss: 2.5323, Validation Accuracy: 0.2021
2024-12-04 21:31:54,045 - Epoch[21] Complete. Time taken: 00:04:17.405
2024-12-04 21:35:45,933 - Engine run starting with max_epochs=1.
2024-12-04 21:36:10,859 - Epoch[1] Complete. Time taken: 00:00:24.926
2024-12-04 21:36:10,859 - Engine run complete. Time taken: 00:00:24.926
2024-12-04 21:36:10,859 - Epoch 22: Train Loss: 2.5390, Train Accuracy: 0.2032, Validation Loss: 2.5324, Validation Accuracy: 0.2021
2024-12-04 21:36:10,862 - Epoch[22] Complete. Time taken: 00:04:16.817
2024-12-04 21:40:03,965 - Engine run starting with max_epochs=1.
2024-12-04 21:40:29,145 - Epoch[1] Complete. Time taken: 00:00:25.180
2024-12-04 21:40:29,145 - Engine run complete. Time taken: 00:00:25.180
2024-12-04 21:40:29,145 - Epoch 23: Train Loss: 2.5391, Train Accuracy: 0.2032, Validation Loss: 2.5323, Validation Accuracy: 0.2021
2024-12-04 21:40:29,146 - Epoch[23] Complete. Time taken: 00:04:18.284
2024-12-04 21:44:22,018 - Engine run starting with max_epochs=1.
2024-12-04 21:44:47,036 - Epoch[1] Complete. Time taken: 00:00:25.019
2024-12-04 21:44:47,036 - Engine run complete. Time taken: 00:00:25.019
2024-12-04 21:44:47,036 - Epoch 24: Train Loss: 2.5395, Train Accuracy: 0.2032, Validation Loss: 2.5328, Validation Accuracy: 0.2021
2024-12-04 21:44:47,038 - Epoch[24] Complete. Time taken: 00:04:17.893
2024-12-04 21:48:38,594 - Engine run starting with max_epochs=1.
2024-12-04 21:49:03,942 - Epoch[1] Complete. Time taken: 00:00:25.347
2024-12-04 21:49:03,942 - Engine run complete. Time taken: 00:00:25.348
2024-12-04 21:49:03,942 - Epoch 25: Train Loss: 2.5394, Train Accuracy: 0.2032, Validation Loss: 2.5325, Validation Accuracy: 0.2021
2024-12-04 21:49:03,943 - Epoch[25] Complete. Time taken: 00:04:16.905
2024-12-04 21:52:55,428 - Engine run starting with max_epochs=1.
2024-12-04 21:53:20,089 - Epoch[1] Complete. Time taken: 00:00:24.661
2024-12-04 21:53:20,090 - Engine run complete. Time taken: 00:00:24.662
2024-12-04 21:53:20,090 - Epoch 26: Train Loss: 2.5385, Train Accuracy: 0.2032, Validation Loss: 2.5332, Validation Accuracy: 0.2021
2024-12-04 21:53:20,092 - Epoch[26] Complete. Time taken: 00:04:16.147
2024-12-04 21:57:04,108 - Engine run starting with max_epochs=1.
2024-12-04 21:57:26,798 - Epoch[1] Complete. Time taken: 00:00:22.689
2024-12-04 21:57:26,798 - Engine run complete. Time taken: 00:00:22.689
2024-12-04 21:57:26,798 - Epoch 27: Train Loss: 2.5391, Train Accuracy: 0.2032, Validation Loss: 2.5323, Validation Accuracy: 0.2021
2024-12-04 21:57:26,799 - Epoch[27] Complete. Time taken: 00:04:06.707
2024-12-04 22:01:02,028 - Engine run starting with max_epochs=1.
2024-12-04 22:01:27,202 - Epoch[1] Complete. Time taken: 00:00:25.174
2024-12-04 22:01:27,203 - Engine run complete. Time taken: 00:00:25.175
2024-12-04 22:01:27,203 - Epoch 28: Train Loss: 2.5391, Train Accuracy: 0.2032, Validation Loss: 2.5321, Validation Accuracy: 0.2021
2024-12-04 22:01:27,205 - Epoch[28] Complete. Time taken: 00:04:00.406
2024-12-04 22:05:18,884 - Engine run starting with max_epochs=1.
2024-12-04 22:05:43,951 - Epoch[1] Complete. Time taken: 00:00:25.067
2024-12-04 22:05:43,951 - Engine run complete. Time taken: 00:00:25.067
2024-12-04 22:05:43,951 - Epoch 29: Train Loss: 2.5385, Train Accuracy: 0.2032, Validation Loss: 2.5348, Validation Accuracy: 0.2021
2024-12-04 22:05:43,955 - Epoch[29] Complete. Time taken: 00:04:16.749
2024-12-04 22:09:34,848 - Engine run starting with max_epochs=1.
2024-12-04 22:09:59,730 - Epoch[1] Complete. Time taken: 00:00:24.882
2024-12-04 22:09:59,730 - Engine run complete. Time taken: 00:00:24.882
2024-12-04 22:09:59,730 - Epoch 30: Train Loss: 2.5390, Train Accuracy: 0.2032, Validation Loss: 2.5314, Validation Accuracy: 0.2021
2024-12-04 22:09:59,732 - Epoch[30] Complete. Time taken: 00:04:15.777
2024-12-04 22:13:50,689 - Engine run starting with max_epochs=1.
2024-12-04 22:14:15,730 - Epoch[1] Complete. Time taken: 00:00:25.042
2024-12-04 22:14:15,732 - Engine run complete. Time taken: 00:00:25.043
2024-12-04 22:14:15,732 - Epoch 31: Train Loss: 2.5384, Train Accuracy: 0.2032, Validation Loss: 2.5320, Validation Accuracy: 0.2021
2024-12-04 22:14:15,733 - Epoch[31] Complete. Time taken: 00:04:16.001
2024-12-04 22:18:09,321 - Engine run starting with max_epochs=1.
2024-12-04 22:18:34,684 - Epoch[1] Complete. Time taken: 00:00:25.362
2024-12-04 22:18:34,684 - Engine run complete. Time taken: 00:00:25.362
2024-12-04 22:18:34,684 - Epoch 32: Train Loss: 2.5382, Train Accuracy: 0.2032, Validation Loss: 2.5319, Validation Accuracy: 0.2021
2024-12-04 22:18:34,686 - Epoch[32] Complete. Time taken: 00:04:18.954
2024-12-04 22:22:27,169 - Engine run starting with max_epochs=1.
2024-12-04 22:22:52,459 - Epoch[1] Complete. Time taken: 00:00:25.290
2024-12-04 22:22:52,459 - Engine run complete. Time taken: 00:00:25.290
2024-12-04 22:22:52,459 - Epoch 33: Train Loss: 2.5386, Train Accuracy: 0.2032, Validation Loss: 2.5313, Validation Accuracy: 0.2021
2024-12-04 22:22:52,460 - Epoch[33] Complete. Time taken: 00:04:17.774
2024-12-04 22:26:43,805 - Engine run starting with max_epochs=1.
2024-12-04 22:27:08,735 - Epoch[1] Complete. Time taken: 00:00:24.929
2024-12-04 22:27:08,735 - Engine run complete. Time taken: 00:00:24.929
2024-12-04 22:27:08,735 - Epoch 34: Train Loss: 2.5387, Train Accuracy: 0.2032, Validation Loss: 2.5322, Validation Accuracy: 0.2021
2024-12-04 22:27:08,736 - Epoch[34] Complete. Time taken: 00:04:16.276
2024-12-04 22:31:01,568 - Engine run starting with max_epochs=1.
2024-12-04 22:31:26,800 - Epoch[1] Complete. Time taken: 00:00:25.232
2024-12-04 22:31:26,800 - Engine run complete. Time taken: 00:00:25.232
2024-12-04 22:31:26,800 - Epoch 35: Train Loss: 2.5385, Train Accuracy: 0.2032, Validation Loss: 2.5322, Validation Accuracy: 0.2021
2024-12-04 22:31:26,802 - Epoch[35] Complete. Time taken: 00:04:18.066
2024-12-04 22:35:19,006 - Engine run starting with max_epochs=1.
2024-12-04 22:35:44,201 - Epoch[1] Complete. Time taken: 00:00:25.195
2024-12-04 22:35:44,201 - Engine run complete. Time taken: 00:00:25.195
2024-12-04 22:35:44,201 - Epoch 36: Train Loss: 2.5384, Train Accuracy: 0.2032, Validation Loss: 2.5323, Validation Accuracy: 0.2021
2024-12-04 22:35:44,202 - Epoch[36] Complete. Time taken: 00:04:17.401
2024-12-04 22:39:36,350 - Engine run starting with max_epochs=1.
2024-12-04 22:40:01,814 - Epoch[1] Complete. Time taken: 00:00:25.463
2024-12-04 22:40:01,814 - Engine run complete. Time taken: 00:00:25.464
2024-12-04 22:40:01,814 - Epoch 37: Train Loss: 2.5383, Train Accuracy: 0.2032, Validation Loss: 2.5312, Validation Accuracy: 0.2021
2024-12-04 22:40:01,817 - Epoch[37] Complete. Time taken: 00:04:17.614
2024-12-04 22:43:54,848 - Engine run starting with max_epochs=1.
2024-12-04 22:44:22,103 - Epoch[1] Complete. Time taken: 00:00:27.255
2024-12-04 22:44:22,103 - Engine run complete. Time taken: 00:00:27.255
2024-12-04 22:44:22,103 - Epoch 38: Train Loss: 2.5387, Train Accuracy: 0.2032, Validation Loss: 2.5329, Validation Accuracy: 0.2021
2024-12-04 22:44:22,104 - Epoch[38] Complete. Time taken: 00:04:20.287
2024-12-04 22:48:12,681 - Engine run starting with max_epochs=1.
2024-12-04 22:48:37,560 - Epoch[1] Complete. Time taken: 00:00:24.877
2024-12-04 22:48:37,560 - Engine run complete. Time taken: 00:00:24.877
2024-12-04 22:48:37,560 - Epoch 39: Train Loss: 2.5387, Train Accuracy: 0.2032, Validation Loss: 2.5336, Validation Accuracy: 0.2021
2024-12-04 22:48:37,562 - Epoch[39] Complete. Time taken: 00:04:15.457
2024-12-04 22:52:31,812 - Engine run starting with max_epochs=1.
2024-12-04 22:52:56,394 - Epoch[1] Complete. Time taken: 00:00:24.582
2024-12-04 22:52:56,395 - Engine run complete. Time taken: 00:00:24.584
2024-12-04 22:52:56,395 - Epoch 40: Train Loss: 2.5386, Train Accuracy: 0.2032, Validation Loss: 2.5313, Validation Accuracy: 0.2021
2024-12-04 22:52:56,396 - Epoch[40] Complete. Time taken: 00:04:18.834
2024-12-04 22:56:54,465 - Engine run starting with max_epochs=1.
2024-12-04 22:57:19,402 - Epoch[1] Complete. Time taken: 00:00:24.935
2024-12-04 22:57:19,402 - Engine run complete. Time taken: 00:00:24.936
2024-12-04 22:57:19,402 - Epoch 41: Train Loss: 2.5381, Train Accuracy: 0.2032, Validation Loss: 2.5337, Validation Accuracy: 0.2021
2024-12-04 22:57:19,404 - Epoch[41] Complete. Time taken: 00:04:23.008
2024-12-04 23:01:08,487 - Engine run starting with max_epochs=1.
2024-12-04 23:01:33,943 - Epoch[1] Complete. Time taken: 00:00:25.456
2024-12-04 23:01:33,943 - Engine run complete. Time taken: 00:00:25.456
2024-12-04 23:01:33,943 - Epoch 42: Train Loss: 2.5383, Train Accuracy: 0.2032, Validation Loss: 2.5301, Validation Accuracy: 0.2021
2024-12-04 23:01:33,946 - Epoch[42] Complete. Time taken: 00:04:14.541
2024-12-04 23:05:24,638 - Engine run starting with max_epochs=1.
2024-12-04 23:05:49,269 - Epoch[1] Complete. Time taken: 00:00:24.629
2024-12-04 23:05:49,269 - Engine run complete. Time taken: 00:00:24.629
2024-12-04 23:05:49,270 - Epoch 43: Train Loss: 2.5385, Train Accuracy: 0.2032, Validation Loss: 2.5311, Validation Accuracy: 0.2021
2024-12-04 23:05:49,273 - Epoch[43] Complete. Time taken: 00:04:15.327
2024-12-04 23:09:46,021 - Engine run starting with max_epochs=1.
2024-12-04 23:10:13,450 - Epoch[1] Complete. Time taken: 00:00:27.429
2024-12-04 23:10:13,450 - Engine run complete. Time taken: 00:00:27.429
2024-12-04 23:10:13,450 - Epoch 44: Train Loss: 2.5383, Train Accuracy: 0.2032, Validation Loss: 2.5321, Validation Accuracy: 0.2021
2024-12-04 23:10:13,451 - Epoch[44] Complete. Time taken: 00:04:24.178
2024-12-04 23:14:00,230 - Engine run starting with max_epochs=1.
2024-12-04 23:14:24,904 - Epoch[1] Complete. Time taken: 00:00:24.673
2024-12-04 23:14:24,904 - Engine run complete. Time taken: 00:00:24.673
2024-12-04 23:14:24,904 - Epoch 45: Train Loss: 2.5386, Train Accuracy: 0.2032, Validation Loss: 2.5343, Validation Accuracy: 0.2021
2024-12-04 23:14:24,906 - Epoch[45] Complete. Time taken: 00:04:11.456
2024-12-04 23:18:12,075 - Engine run starting with max_epochs=1.
2024-12-04 23:18:36,579 - Epoch[1] Complete. Time taken: 00:00:24.504
2024-12-04 23:18:36,579 - Engine run complete. Time taken: 00:00:24.504
2024-12-04 23:18:36,579 - Epoch 46: Train Loss: 2.5387, Train Accuracy: 0.2032, Validation Loss: 2.5312, Validation Accuracy: 0.2021
2024-12-04 23:18:36,580 - Epoch[46] Complete. Time taken: 00:04:11.674
2024-12-04 23:22:24,138 - Engine run starting with max_epochs=1.
2024-12-04 23:22:48,678 - Epoch[1] Complete. Time taken: 00:00:24.539
2024-12-04 23:22:48,678 - Engine run complete. Time taken: 00:00:24.540
2024-12-04 23:22:48,678 - Epoch 47: Train Loss: 2.5383, Train Accuracy: 0.2032, Validation Loss: 2.5320, Validation Accuracy: 0.2021
2024-12-04 23:22:48,680 - Epoch[47] Complete. Time taken: 00:04:12.100
2024-12-04 23:26:36,308 - Engine run starting with max_epochs=1.
2024-12-04 23:27:00,893 - Epoch[1] Complete. Time taken: 00:00:24.585
2024-12-04 23:27:00,893 - Engine run complete. Time taken: 00:00:24.585
2024-12-04 23:27:00,894 - Epoch 48: Train Loss: 2.5382, Train Accuracy: 0.2032, Validation Loss: 2.5315, Validation Accuracy: 0.2021
2024-12-04 23:27:00,895 - Epoch[48] Complete. Time taken: 00:04:12.215
2024-12-04 23:30:47,544 - Engine run starting with max_epochs=1.
2024-12-04 23:31:12,406 - Epoch[1] Complete. Time taken: 00:00:24.861
2024-12-04 23:31:12,408 - Engine run complete. Time taken: 00:00:24.862
2024-12-04 23:31:12,408 - Epoch 49: Train Loss: 2.5378, Train Accuracy: 0.2032, Validation Loss: 2.5332, Validation Accuracy: 0.2021
2024-12-04 23:31:12,409 - Epoch[49] Complete. Time taken: 00:04:11.514
2024-12-04 23:34:59,316 - Engine run starting with max_epochs=1.
2024-12-04 23:35:23,763 - Epoch[1] Complete. Time taken: 00:00:24.446
2024-12-04 23:35:23,763 - Engine run complete. Time taken: 00:00:24.446
2024-12-04 23:35:23,763 - Epoch 50: Train Loss: 2.5385, Train Accuracy: 0.2032, Validation Loss: 2.5321, Validation Accuracy: 0.2021
2024-12-04 23:35:23,764 - Epoch[50] Complete. Time taken: 00:04:11.355
2024-12-04 23:39:11,315 - Engine run starting with max_epochs=1.
2024-12-04 23:39:36,510 - Epoch[1] Complete. Time taken: 00:00:25.194
2024-12-04 23:39:36,511 - Engine run complete. Time taken: 00:00:25.195
2024-12-04 23:39:36,511 - Epoch 51: Train Loss: 2.5384, Train Accuracy: 0.2032, Validation Loss: 2.5325, Validation Accuracy: 0.2021
2024-12-04 23:39:36,512 - Epoch[51] Complete. Time taken: 00:04:12.747
2024-12-04 23:43:20,961 - Engine run starting with max_epochs=1.
2024-12-04 23:43:45,385 - Epoch[1] Complete. Time taken: 00:00:24.424
2024-12-04 23:43:45,385 - Engine run complete. Time taken: 00:00:24.424
2024-12-04 23:43:45,385 - Epoch 52: Train Loss: 2.5379, Train Accuracy: 0.2032, Validation Loss: 2.5320, Validation Accuracy: 0.2021
2024-12-04 23:43:45,387 - Epoch[52] Complete. Time taken: 00:04:08.875
2024-12-04 23:47:31,845 - Engine run starting with max_epochs=1.
2024-12-04 23:47:56,573 - Epoch[1] Complete. Time taken: 00:00:24.728
2024-12-04 23:47:56,573 - Engine run complete. Time taken: 00:00:24.728
2024-12-04 23:47:56,573 - Epoch 53: Train Loss: 2.5381, Train Accuracy: 0.2032, Validation Loss: 2.5323, Validation Accuracy: 0.2021
2024-12-04 23:47:56,574 - Epoch[53] Complete. Time taken: 00:04:11.187
2024-12-04 23:51:44,197 - Engine run starting with max_epochs=1.
2024-12-04 23:52:08,818 - Epoch[1] Complete. Time taken: 00:00:24.621
2024-12-04 23:52:08,818 - Engine run complete. Time taken: 00:00:24.621
2024-12-04 23:52:08,818 - Epoch 54: Train Loss: 2.5385, Train Accuracy: 0.2032, Validation Loss: 2.5311, Validation Accuracy: 0.2021
2024-12-04 23:52:08,821 - Epoch[54] Complete. Time taken: 00:04:12.247
2024-12-04 23:55:55,283 - Engine run starting with max_epochs=1.
2024-12-04 23:56:20,412 - Epoch[1] Complete. Time taken: 00:00:25.129
2024-12-04 23:56:20,413 - Engine run complete. Time taken: 00:00:25.129
2024-12-04 23:56:20,413 - Epoch 55: Train Loss: 2.5380, Train Accuracy: 0.2032, Validation Loss: 2.5322, Validation Accuracy: 0.2021
2024-12-04 23:56:20,414 - Epoch[55] Complete. Time taken: 00:04:11.593
2024-12-05 00:00:05,350 - Engine run starting with max_epochs=1.
2024-12-05 00:00:30,065 - Epoch[1] Complete. Time taken: 00:00:24.715
2024-12-05 00:00:30,065 - Engine run complete. Time taken: 00:00:24.715
2024-12-05 00:00:30,066 - Epoch 56: Train Loss: 2.5380, Train Accuracy: 0.2032, Validation Loss: 2.5334, Validation Accuracy: 0.2021
2024-12-05 00:00:30,069 - Epoch[56] Complete. Time taken: 00:04:09.655
2024-12-05 00:04:21,149 - Engine run starting with max_epochs=1.
2024-12-05 00:04:48,443 - Epoch[1] Complete. Time taken: 00:00:27.294
2024-12-05 00:04:48,443 - Engine run complete. Time taken: 00:00:27.294
2024-12-05 00:04:48,443 - Epoch 57: Train Loss: 2.5384, Train Accuracy: 0.2032, Validation Loss: 2.5316, Validation Accuracy: 0.2021
2024-12-05 00:04:48,447 - Epoch[57] Complete. Time taken: 00:04:18.378
2024-12-05 00:08:35,178 - Engine run starting with max_epochs=1.
2024-12-05 00:08:59,756 - Epoch[1] Complete. Time taken: 00:00:24.577
2024-12-05 00:08:59,756 - Engine run complete. Time taken: 00:00:24.577
2024-12-05 00:08:59,756 - Epoch 58: Train Loss: 2.5378, Train Accuracy: 0.2032, Validation Loss: 2.5310, Validation Accuracy: 0.2021
2024-12-05 00:08:59,757 - Epoch[58] Complete. Time taken: 00:04:11.310
2024-12-05 00:12:51,519 - Engine run starting with max_epochs=1.
2024-12-05 00:13:16,451 - Epoch[1] Complete. Time taken: 00:00:24.933
2024-12-05 00:13:16,451 - Engine run complete. Time taken: 00:00:24.933
2024-12-05 00:13:16,451 - Epoch 59: Train Loss: 2.5384, Train Accuracy: 0.2032, Validation Loss: 2.5321, Validation Accuracy: 0.2021
2024-12-05 00:13:16,453 - Epoch[59] Complete. Time taken: 00:04:16.696
2024-12-05 00:17:04,028 - Engine run starting with max_epochs=1.
2024-12-05 00:17:28,898 - Epoch[1] Complete. Time taken: 00:00:24.869
2024-12-05 00:17:28,898 - Engine run complete. Time taken: 00:00:24.870
2024-12-05 00:17:28,898 - Epoch 60: Train Loss: 2.5381, Train Accuracy: 0.2032, Validation Loss: 2.5318, Validation Accuracy: 0.2021
2024-12-05 00:17:28,899 - Epoch[60] Complete. Time taken: 00:04:12.446
2024-12-05 00:21:14,607 - Engine run starting with max_epochs=1.
2024-12-05 00:21:39,469 - Epoch[1] Complete. Time taken: 00:00:24.862
2024-12-05 00:21:39,469 - Engine run complete. Time taken: 00:00:24.862
2024-12-05 00:21:39,469 - Epoch 61: Train Loss: 2.5381, Train Accuracy: 0.2032, Validation Loss: 2.5317, Validation Accuracy: 0.2021
2024-12-05 00:21:39,470 - Epoch[61] Complete. Time taken: 00:04:10.571
2024-12-05 00:25:25,935 - Engine run starting with max_epochs=1.
2024-12-05 00:25:50,329 - Epoch[1] Complete. Time taken: 00:00:24.394
2024-12-05 00:25:50,329 - Engine run complete. Time taken: 00:00:24.394
2024-12-05 00:25:50,329 - Epoch 62: Train Loss: 2.5380, Train Accuracy: 0.2032, Validation Loss: 2.5321, Validation Accuracy: 0.2021
2024-12-05 00:25:50,331 - Epoch[62] Complete. Time taken: 00:04:10.860
2024-12-05 00:29:35,349 - Engine run starting with max_epochs=1.
2024-12-05 00:29:59,990 - Epoch[1] Complete. Time taken: 00:00:24.640
2024-12-05 00:29:59,990 - Engine run complete. Time taken: 00:00:24.641
2024-12-05 00:29:59,990 - Epoch 63: Train Loss: 2.5379, Train Accuracy: 0.2032, Validation Loss: 2.5313, Validation Accuracy: 0.2021
2024-12-05 00:29:59,992 - Epoch[63] Complete. Time taken: 00:04:09.661
2024-12-05 00:33:46,578 - Engine run starting with max_epochs=1.
2024-12-05 00:34:11,240 - Epoch[1] Complete. Time taken: 00:00:24.662
2024-12-05 00:34:11,240 - Engine run complete. Time taken: 00:00:24.662
2024-12-05 00:34:11,240 - Epoch 64: Train Loss: 2.5383, Train Accuracy: 0.2032, Validation Loss: 2.5309, Validation Accuracy: 0.2021
2024-12-05 00:34:11,241 - Epoch[64] Complete. Time taken: 00:04:11.249
2024-12-05 00:37:57,440 - Engine run starting with max_epochs=1.
2024-12-05 00:38:22,308 - Epoch[1] Complete. Time taken: 00:00:24.868
2024-12-05 00:38:22,308 - Engine run complete. Time taken: 00:00:24.868
2024-12-05 00:38:22,308 - Epoch 65: Train Loss: 2.5379, Train Accuracy: 0.2032, Validation Loss: 2.5311, Validation Accuracy: 0.2021
2024-12-05 00:38:22,309 - Epoch[65] Complete. Time taken: 00:04:11.068
2024-12-05 00:42:09,139 - Engine run starting with max_epochs=1.
2024-12-05 00:42:33,579 - Epoch[1] Complete. Time taken: 00:00:24.440
2024-12-05 00:42:33,579 - Engine run complete. Time taken: 00:00:24.440
2024-12-05 00:42:33,579 - Epoch 66: Train Loss: 2.5377, Train Accuracy: 0.2032, Validation Loss: 2.5325, Validation Accuracy: 0.2021
2024-12-05 00:42:33,581 - Epoch[66] Complete. Time taken: 00:04:11.272
2024-12-05 00:46:19,624 - Engine run starting with max_epochs=1.
2024-12-05 00:46:44,145 - Epoch[1] Complete. Time taken: 00:00:24.519
2024-12-05 00:46:44,145 - Engine run complete. Time taken: 00:00:24.519
2024-12-05 00:46:44,145 - Epoch 67: Train Loss: 2.5380, Train Accuracy: 0.2032, Validation Loss: 2.5317, Validation Accuracy: 0.2021
2024-12-05 00:46:44,147 - Epoch[67] Complete. Time taken: 00:04:10.566
2024-12-05 00:50:30,079 - Engine run starting with max_epochs=1.
2024-12-05 00:50:54,552 - Epoch[1] Complete. Time taken: 00:00:24.472
2024-12-05 00:50:54,552 - Engine run complete. Time taken: 00:00:24.472
2024-12-05 00:50:54,553 - Epoch 68: Train Loss: 2.5380, Train Accuracy: 0.2032, Validation Loss: 2.5318, Validation Accuracy: 0.2021
2024-12-05 00:50:54,554 - Epoch[68] Complete. Time taken: 00:04:10.407
2024-12-05 00:54:42,246 - Engine run starting with max_epochs=1.
2024-12-05 00:55:07,132 - Epoch[1] Complete. Time taken: 00:00:24.886
2024-12-05 00:55:07,132 - Engine run complete. Time taken: 00:00:24.886
2024-12-05 00:55:07,132 - Epoch 69: Train Loss: 2.5382, Train Accuracy: 0.2032, Validation Loss: 2.5314, Validation Accuracy: 0.2021
2024-12-05 00:55:07,133 - Epoch[69] Complete. Time taken: 00:04:12.579
2024-12-05 00:58:52,729 - Engine run starting with max_epochs=1.
2024-12-05 00:59:17,221 - Epoch[1] Complete. Time taken: 00:00:24.493
2024-12-05 00:59:17,221 - Engine run complete. Time taken: 00:00:24.493
2024-12-05 00:59:17,221 - Epoch 70: Train Loss: 2.5380, Train Accuracy: 0.2032, Validation Loss: 2.5323, Validation Accuracy: 0.2021
2024-12-05 00:59:17,223 - Epoch[70] Complete. Time taken: 00:04:10.090
2024-12-05 01:03:03,884 - Engine run starting with max_epochs=1.
2024-12-05 01:03:28,848 - Epoch[1] Complete. Time taken: 00:00:24.962
2024-12-05 01:03:28,848 - Engine run complete. Time taken: 00:00:24.963
2024-12-05 01:03:28,848 - Epoch 71: Train Loss: 2.5382, Train Accuracy: 0.2032, Validation Loss: 2.5322, Validation Accuracy: 0.2021
2024-12-05 01:03:28,849 - Epoch[71] Complete. Time taken: 00:04:11.625
2024-12-05 01:07:14,617 - Engine run starting with max_epochs=1.
2024-12-05 01:07:39,266 - Epoch[1] Complete. Time taken: 00:00:24.649
2024-12-05 01:07:39,266 - Engine run complete. Time taken: 00:00:24.649
2024-12-05 01:07:39,266 - Epoch 72: Train Loss: 2.5381, Train Accuracy: 0.2032, Validation Loss: 2.5317, Validation Accuracy: 0.2021
2024-12-05 01:07:39,268 - Epoch[72] Complete. Time taken: 00:04:10.419
2024-12-05 01:11:25,671 - Engine run starting with max_epochs=1.
2024-12-05 01:11:50,514 - Epoch[1] Complete. Time taken: 00:00:24.842
2024-12-05 01:11:50,514 - Engine run complete. Time taken: 00:00:24.842
2024-12-05 01:11:50,514 - Epoch 73: Train Loss: 2.5379, Train Accuracy: 0.2032, Validation Loss: 2.5315, Validation Accuracy: 0.2021
2024-12-05 01:11:50,516 - Epoch[73] Complete. Time taken: 00:04:11.248
2024-12-05 01:15:37,208 - Engine run starting with max_epochs=1.
2024-12-05 01:16:01,519 - Epoch[1] Complete. Time taken: 00:00:24.310
2024-12-05 01:16:01,519 - Engine run complete. Time taken: 00:00:24.310
2024-12-05 01:16:01,519 - Epoch 74: Train Loss: 2.5379, Train Accuracy: 0.2032, Validation Loss: 2.5313, Validation Accuracy: 0.2021
2024-12-05 01:16:01,520 - Epoch[74] Complete. Time taken: 00:04:11.004
2024-12-05 01:19:48,563 - Engine run starting with max_epochs=1.
2024-12-05 01:20:13,741 - Epoch[1] Complete. Time taken: 00:00:25.177
2024-12-05 01:20:13,741 - Engine run complete. Time taken: 00:00:25.177
2024-12-05 01:20:13,741 - Epoch 75: Train Loss: 2.5382, Train Accuracy: 0.2032, Validation Loss: 2.5320, Validation Accuracy: 0.2021
2024-12-05 01:20:13,744 - Epoch[75] Complete. Time taken: 00:04:12.224
2024-12-05 01:24:01,710 - Engine run starting with max_epochs=1.
2024-12-05 01:24:25,936 - Epoch[1] Complete. Time taken: 00:00:24.225
2024-12-05 01:24:25,936 - Engine run complete. Time taken: 00:00:24.225
2024-12-05 01:24:25,936 - Epoch 76: Train Loss: 2.5377, Train Accuracy: 0.2032, Validation Loss: 2.5323, Validation Accuracy: 0.2021
2024-12-05 01:24:25,937 - Epoch[76] Complete. Time taken: 00:04:12.193
2024-12-05 01:28:12,450 - Engine run starting with max_epochs=1.
2024-12-05 01:28:37,502 - Epoch[1] Complete. Time taken: 00:00:25.051
2024-12-05 01:28:37,502 - Engine run complete. Time taken: 00:00:25.051
2024-12-05 01:28:37,502 - Epoch 77: Train Loss: 2.5381, Train Accuracy: 0.2032, Validation Loss: 2.5324, Validation Accuracy: 0.2021
2024-12-05 01:28:37,504 - Epoch[77] Complete. Time taken: 00:04:11.568
2024-12-05 01:32:24,349 - Engine run starting with max_epochs=1.
2024-12-05 01:32:49,100 - Epoch[1] Complete. Time taken: 00:00:24.750
2024-12-05 01:32:49,100 - Engine run complete. Time taken: 00:00:24.750
2024-12-05 01:32:49,102 - Epoch 78: Train Loss: 2.5379, Train Accuracy: 0.2032, Validation Loss: 2.5325, Validation Accuracy: 0.2021
2024-12-05 01:32:49,103 - Epoch[78] Complete. Time taken: 00:04:11.598
2024-12-05 01:36:35,361 - Engine run starting with max_epochs=1.
2024-12-05 01:37:00,164 - Epoch[1] Complete. Time taken: 00:00:24.803
2024-12-05 01:37:00,164 - Engine run complete. Time taken: 00:00:24.803
2024-12-05 01:37:00,164 - Epoch 79: Train Loss: 2.5379, Train Accuracy: 0.2032, Validation Loss: 2.5322, Validation Accuracy: 0.2021
2024-12-05 01:37:00,166 - Epoch[79] Complete. Time taken: 00:04:11.064
2024-12-05 01:40:47,002 - Engine run starting with max_epochs=1.
2024-12-05 01:41:11,874 - Epoch[1] Complete. Time taken: 00:00:24.871
2024-12-05 01:41:11,874 - Engine run complete. Time taken: 00:00:24.872
2024-12-05 01:41:11,874 - Epoch 80: Train Loss: 2.5379, Train Accuracy: 0.2032, Validation Loss: 2.5312, Validation Accuracy: 0.2021
2024-12-05 01:41:11,876 - Epoch[80] Complete. Time taken: 00:04:11.710
2024-12-05 01:44:58,934 - Engine run starting with max_epochs=1.
2024-12-05 01:45:23,506 - Epoch[1] Complete. Time taken: 00:00:24.572
2024-12-05 01:45:23,506 - Engine run complete. Time taken: 00:00:24.572
2024-12-05 01:45:23,506 - Epoch 81: Train Loss: 2.5379, Train Accuracy: 0.2032, Validation Loss: 2.5317, Validation Accuracy: 0.2021
2024-12-05 01:45:23,507 - Epoch[81] Complete. Time taken: 00:04:11.631
2024-12-05 01:49:09,422 - Engine run starting with max_epochs=1.
2024-12-05 01:49:33,884 - Epoch[1] Complete. Time taken: 00:00:24.463
2024-12-05 01:49:33,884 - Engine run complete. Time taken: 00:00:24.463
2024-12-05 01:49:33,884 - Epoch 82: Train Loss: 2.5377, Train Accuracy: 0.2032, Validation Loss: 2.5334, Validation Accuracy: 0.2021
2024-12-05 01:49:33,886 - Epoch[82] Complete. Time taken: 00:04:10.379
2024-12-05 01:53:21,916 - Engine run starting with max_epochs=1.
2024-12-05 01:53:46,912 - Epoch[1] Complete. Time taken: 00:00:24.997
2024-12-05 01:53:46,912 - Engine run complete. Time taken: 00:00:24.997
2024-12-05 01:53:46,912 - Epoch 83: Train Loss: 2.5382, Train Accuracy: 0.2032, Validation Loss: 2.5322, Validation Accuracy: 0.2021
2024-12-05 01:53:46,914 - Epoch[83] Complete. Time taken: 00:04:13.028
2024-12-05 01:57:34,225 - Engine run starting with max_epochs=1.
2024-12-05 01:57:59,073 - Epoch[1] Complete. Time taken: 00:00:24.848
2024-12-05 01:57:59,073 - Engine run complete. Time taken: 00:00:24.848
2024-12-05 01:57:59,073 - Epoch 84: Train Loss: 2.5379, Train Accuracy: 0.2032, Validation Loss: 2.5320, Validation Accuracy: 0.2021
2024-12-05 01:57:59,076 - Epoch[84] Complete. Time taken: 00:04:12.161
2024-12-05 02:01:45,758 - Engine run starting with max_epochs=1.
2024-12-05 02:02:10,456 - Epoch[1] Complete. Time taken: 00:00:24.699
2024-12-05 02:02:10,456 - Engine run complete. Time taken: 00:00:24.699
2024-12-05 02:02:10,456 - Epoch 85: Train Loss: 2.5376, Train Accuracy: 0.2032, Validation Loss: 2.5319, Validation Accuracy: 0.2021
2024-12-05 02:02:10,459 - Epoch[85] Complete. Time taken: 00:04:11.383
2024-12-05 02:05:57,098 - Engine run starting with max_epochs=1.
2024-12-05 02:06:21,904 - Epoch[1] Complete. Time taken: 00:00:24.805
2024-12-05 02:06:21,904 - Engine run complete. Time taken: 00:00:24.805
2024-12-05 02:06:21,904 - Epoch 86: Train Loss: 2.5379, Train Accuracy: 0.2032, Validation Loss: 2.5324, Validation Accuracy: 0.2021
2024-12-05 02:06:21,905 - Epoch[86] Complete. Time taken: 00:04:11.446
2024-12-05 02:10:07,961 - Engine run starting with max_epochs=1.
2024-12-05 02:10:32,362 - Epoch[1] Complete. Time taken: 00:00:24.400
2024-12-05 02:10:32,362 - Engine run complete. Time taken: 00:00:24.400
2024-12-05 02:10:32,362 - Epoch 87: Train Loss: 2.5378, Train Accuracy: 0.2032, Validation Loss: 2.5322, Validation Accuracy: 0.2021
2024-12-05 02:10:32,363 - Epoch[87] Complete. Time taken: 00:04:10.458
2024-12-05 02:14:18,650 - Engine run starting with max_epochs=1.
2024-12-05 02:14:43,163 - Epoch[1] Complete. Time taken: 00:00:24.512
2024-12-05 02:14:43,163 - Engine run complete. Time taken: 00:00:24.514
2024-12-05 02:14:43,164 - Epoch 88: Train Loss: 2.5378, Train Accuracy: 0.2032, Validation Loss: 2.5322, Validation Accuracy: 0.2021
2024-12-05 02:14:43,167 - Epoch[88] Complete. Time taken: 00:04:10.804
2024-12-05 02:18:29,314 - Engine run starting with max_epochs=1.
2024-12-05 02:18:54,061 - Epoch[1] Complete. Time taken: 00:00:24.747
2024-12-05 02:18:54,062 - Engine run complete. Time taken: 00:00:24.748
2024-12-05 02:18:54,062 - Epoch 89: Train Loss: 2.5378, Train Accuracy: 0.2032, Validation Loss: 2.5321, Validation Accuracy: 0.2021
2024-12-05 02:18:54,064 - Epoch[89] Complete. Time taken: 00:04:10.897
2024-12-05 02:22:40,433 - Engine run starting with max_epochs=1.
2024-12-05 02:23:04,995 - Epoch[1] Complete. Time taken: 00:00:24.562
2024-12-05 02:23:04,995 - Engine run complete. Time taken: 00:00:24.562
2024-12-05 02:23:04,995 - Epoch 90: Train Loss: 2.5375, Train Accuracy: 0.2032, Validation Loss: 2.5321, Validation Accuracy: 0.2021
2024-12-05 02:23:04,997 - Epoch[90] Complete. Time taken: 00:04:10.933
2024-12-05 02:26:50,794 - Engine run starting with max_epochs=1.
2024-12-05 02:27:15,501 - Epoch[1] Complete. Time taken: 00:00:24.706
2024-12-05 02:27:15,502 - Engine run complete. Time taken: 00:00:24.707
2024-12-05 02:27:15,502 - Epoch 91: Train Loss: 2.5380, Train Accuracy: 0.2032, Validation Loss: 2.5328, Validation Accuracy: 0.2021
2024-12-05 02:27:15,503 - Epoch[91] Complete. Time taken: 00:04:10.506
2024-12-05 02:31:02,650 - Engine run starting with max_epochs=1.
2024-12-05 02:31:27,425 - Epoch[1] Complete. Time taken: 00:00:24.774
2024-12-05 02:31:27,425 - Engine run complete. Time taken: 00:00:24.774
2024-12-05 02:31:27,426 - Epoch 92: Train Loss: 2.5378, Train Accuracy: 0.2032, Validation Loss: 2.5316, Validation Accuracy: 0.2021
2024-12-05 02:31:27,427 - Epoch[92] Complete. Time taken: 00:04:11.924
2024-12-05 02:35:15,099 - Engine run starting with max_epochs=1.
2024-12-05 02:35:39,909 - Epoch[1] Complete. Time taken: 00:00:24.809
2024-12-05 02:35:39,910 - Engine run complete. Time taken: 00:00:24.811
2024-12-05 02:35:39,910 - Epoch 93: Train Loss: 2.5382, Train Accuracy: 0.2032, Validation Loss: 2.5312, Validation Accuracy: 0.2021
2024-12-05 02:35:39,911 - Epoch[93] Complete. Time taken: 00:04:12.484
2024-12-05 02:39:24,934 - Engine run starting with max_epochs=1.
2024-12-05 02:39:50,040 - Epoch[1] Complete. Time taken: 00:00:25.106
2024-12-05 02:39:50,040 - Engine run complete. Time taken: 00:00:25.106
2024-12-05 02:39:50,040 - Epoch 94: Train Loss: 2.5378, Train Accuracy: 0.2032, Validation Loss: 2.5329, Validation Accuracy: 0.2021
2024-12-05 02:39:50,043 - Epoch[94] Complete. Time taken: 00:04:10.132
2024-12-05 02:43:35,836 - Engine run starting with max_epochs=1.
2024-12-05 02:44:00,496 - Epoch[1] Complete. Time taken: 00:00:24.658
2024-12-05 02:44:00,496 - Engine run complete. Time taken: 00:00:24.658
2024-12-05 02:44:00,496 - Epoch 95: Train Loss: 2.5378, Train Accuracy: 0.2032, Validation Loss: 2.5330, Validation Accuracy: 0.2021
2024-12-05 02:44:00,499 - Epoch[95] Complete. Time taken: 00:04:10.456
2024-12-05 02:47:46,638 - Engine run starting with max_epochs=1.
2024-12-05 02:48:11,771 - Epoch[1] Complete. Time taken: 00:00:25.133
2024-12-05 02:48:11,771 - Engine run complete. Time taken: 00:00:25.133
2024-12-05 02:48:11,771 - Epoch 96: Train Loss: 2.5377, Train Accuracy: 0.2032, Validation Loss: 2.5312, Validation Accuracy: 0.2021
2024-12-05 02:48:11,774 - Epoch[96] Complete. Time taken: 00:04:11.275
2024-12-05 02:51:58,121 - Engine run starting with max_epochs=1.
2024-12-05 02:52:22,719 - Epoch[1] Complete. Time taken: 00:00:24.598
2024-12-05 02:52:22,719 - Engine run complete. Time taken: 00:00:24.598
2024-12-05 02:52:22,720 - Epoch 97: Train Loss: 2.5379, Train Accuracy: 0.2032, Validation Loss: 2.5322, Validation Accuracy: 0.2021
2024-12-05 02:52:22,722 - Epoch[97] Complete. Time taken: 00:04:10.948
2024-12-05 02:56:09,172 - Engine run starting with max_epochs=1.
2024-12-05 02:56:33,526 - Epoch[1] Complete. Time taken: 00:00:24.352
2024-12-05 02:56:33,527 - Engine run complete. Time taken: 00:00:24.354
2024-12-05 02:56:33,527 - Epoch 98: Train Loss: 2.5375, Train Accuracy: 0.2032, Validation Loss: 2.5324, Validation Accuracy: 0.2021
2024-12-05 02:56:33,528 - Epoch[98] Complete. Time taken: 00:04:10.806
2024-12-05 03:00:20,198 - Engine run starting with max_epochs=1.
2024-12-05 03:00:44,643 - Epoch[1] Complete. Time taken: 00:00:24.445
2024-12-05 03:00:44,643 - Engine run complete. Time taken: 00:00:24.445
2024-12-05 03:00:44,644 - Epoch 99: Train Loss: 2.5379, Train Accuracy: 0.2032, Validation Loss: 2.5314, Validation Accuracy: 0.2021
2024-12-05 03:00:44,645 - Epoch[99] Complete. Time taken: 00:04:11.117
2024-12-05 03:04:29,916 - Engine run starting with max_epochs=1.
2024-12-05 03:04:54,761 - Epoch[1] Complete. Time taken: 00:00:24.844
2024-12-05 03:04:54,761 - Engine run complete. Time taken: 00:00:24.844
2024-12-05 03:04:54,761 - Epoch 100: Train Loss: 2.5379, Train Accuracy: 0.2032, Validation Loss: 2.5316, Validation Accuracy: 0.2021
2024-12-05 03:04:54,763 - Epoch[100] Complete. Time taken: 00:04:10.118
2024-12-05 03:04:54,763 - Engine run complete. Time taken: 06:56:02.430
