2024-12-14 16:33:15,494 - Engine run starting with max_epochs=22.
2024-12-14 16:34:45,397 - Engine run starting with max_epochs=1.
2024-12-14 16:34:51,171 - Epoch[1] Complete. Time taken: 00:00:05.719
2024-12-14 16:34:51,172 - Engine run complete. Time taken: 00:00:05.774
2024-12-14 16:34:51,190 - Epoch 1: Train Loss: 2.6569, Train Accuracy: 0.1943, Validation Loss: 2.5657, Validation Accuracy: 0.2128
2024-12-14 16:34:51,440 - Epoch 1: Learning Rate: 0.001000, Weight Decay: 0.0001
2024-12-14 16:34:51,440 - Epoch[1] Complete. Time taken: 00:01:35.908
2024-12-14 16:36:24,773 - Engine run starting with max_epochs=1.
2024-12-14 16:36:30,476 - Epoch[1] Complete. Time taken: 00:00:05.653
2024-12-14 16:36:30,476 - Engine run complete. Time taken: 00:00:05.703
2024-12-14 16:36:30,495 - Epoch 2: Train Loss: 2.5354, Train Accuracy: 0.2361, Validation Loss: 2.4869, Validation Accuracy: 0.2581
2024-12-14 16:36:30,613 - Epoch 2: Learning Rate: 0.001000, Weight Decay: 0.0001
2024-12-14 16:36:30,613 - Epoch[2] Complete. Time taken: 00:01:39.173
2024-12-14 16:38:05,233 - Engine run starting with max_epochs=1.
2024-12-14 16:38:11,172 - Epoch[1] Complete. Time taken: 00:00:05.891
2024-12-14 16:38:11,172 - Engine run complete. Time taken: 00:00:05.939
2024-12-14 16:38:11,191 - Epoch 3: Train Loss: 2.4393, Train Accuracy: 0.2736, Validation Loss: 2.3691, Validation Accuracy: 0.3091
2024-12-14 16:38:11,316 - Epoch 3: Learning Rate: 0.001000, Weight Decay: 0.0001
2024-12-14 16:38:11,316 - Epoch[3] Complete. Time taken: 00:01:40.703
2024-12-14 16:39:42,494 - Engine run starting with max_epochs=1.
2024-12-14 16:39:48,143 - Epoch[1] Complete. Time taken: 00:00:05.605
2024-12-14 16:39:48,143 - Engine run complete. Time taken: 00:00:05.649
2024-12-14 16:39:48,161 - Epoch 4: Train Loss: 2.3675, Train Accuracy: 0.2950, Validation Loss: 2.3073, Validation Accuracy: 0.3252
2024-12-14 16:39:48,293 - Epoch 4: Learning Rate: 0.001000, Weight Decay: 0.0001
2024-12-14 16:39:48,293 - Epoch[4] Complete. Time taken: 00:01:36.977
2024-12-14 16:41:17,375 - Engine run starting with max_epochs=1.
2024-12-14 16:41:23,246 - Epoch[1] Complete. Time taken: 00:00:05.826
2024-12-14 16:41:23,246 - Engine run complete. Time taken: 00:00:05.871
2024-12-14 16:41:23,264 - Epoch 5: Train Loss: 2.2870, Train Accuracy: 0.3277, Validation Loss: 2.2445, Validation Accuracy: 0.3511
2024-12-14 16:41:23,397 - Epoch 5: Learning Rate: 0.001000, Weight Decay: 0.0001
2024-12-14 16:41:23,397 - Epoch[5] Complete. Time taken: 00:01:35.104
2024-12-14 16:42:56,020 - Engine run starting with max_epochs=1.
2024-12-14 16:43:02,166 - Epoch[1] Complete. Time taken: 00:00:06.099
2024-12-14 16:43:02,166 - Engine run complete. Time taken: 00:00:06.145
2024-12-14 16:43:02,185 - Epoch 6: Train Loss: 2.2215, Train Accuracy: 0.3505, Validation Loss: 2.1682, Validation Accuracy: 0.3819
2024-12-14 16:43:02,320 - Epoch 6: Learning Rate: 0.001000, Weight Decay: 0.0001
2024-12-14 16:43:02,320 - Epoch[6] Complete. Time taken: 00:01:38.923
2024-12-14 16:44:34,493 - Engine run starting with max_epochs=1.
2024-12-14 16:44:40,554 - Epoch[1] Complete. Time taken: 00:00:06.010
2024-12-14 16:44:40,554 - Engine run complete. Time taken: 00:00:06.061
2024-12-14 16:44:40,573 - Epoch 7: Train Loss: 2.1552, Train Accuracy: 0.3746, Validation Loss: 2.1034, Validation Accuracy: 0.4021
2024-12-14 16:44:40,715 - Epoch 7: Learning Rate: 0.001000, Weight Decay: 0.0001
2024-12-14 16:44:40,715 - Epoch[7] Complete. Time taken: 00:01:38.395
2024-12-14 16:46:11,752 - Engine run starting with max_epochs=1.
2024-12-14 16:46:17,561 - Epoch[1] Complete. Time taken: 00:00:05.764
2024-12-14 16:46:17,561 - Engine run complete. Time taken: 00:00:05.809
2024-12-14 16:46:17,579 - Epoch 8: Train Loss: 2.0950, Train Accuracy: 0.3938, Validation Loss: 2.0585, Validation Accuracy: 0.4231
2024-12-14 16:46:17,715 - Epoch 8: Learning Rate: 0.001000, Weight Decay: 0.0001
2024-12-14 16:46:17,715 - Epoch[8] Complete. Time taken: 00:01:37.000
2024-12-14 16:47:47,666 - Engine run starting with max_epochs=1.
2024-12-14 16:47:53,422 - Epoch[1] Complete. Time taken: 00:00:05.709
2024-12-14 16:47:53,422 - Engine run complete. Time taken: 00:00:05.756
2024-12-14 16:47:53,439 - Epoch 9: Train Loss: 2.0284, Train Accuracy: 0.4233, Validation Loss: 1.9893, Validation Accuracy: 0.4604
2024-12-14 16:47:53,575 - Epoch 9: Learning Rate: 0.001000, Weight Decay: 0.0001
2024-12-14 16:47:53,575 - Epoch[9] Complete. Time taken: 00:01:35.860
2024-12-14 16:49:22,687 - Engine run starting with max_epochs=1.
2024-12-14 16:49:28,423 - Epoch[1] Complete. Time taken: 00:00:05.690
2024-12-14 16:49:28,423 - Engine run complete. Time taken: 00:00:05.735
2024-12-14 16:49:28,442 - Epoch 10: Train Loss: 1.9569, Train Accuracy: 0.4543, Validation Loss: 1.9405, Validation Accuracy: 0.4830
2024-12-14 16:49:28,576 - Epoch 10: Learning Rate: 0.001000, Weight Decay: 0.0001
2024-12-14 16:49:28,576 - Epoch[10] Complete. Time taken: 00:01:35.001
2024-12-14 16:50:57,785 - Engine run starting with max_epochs=1.
2024-12-14 16:51:03,344 - Epoch[1] Complete. Time taken: 00:00:05.516
2024-12-14 16:51:03,344 - Engine run complete. Time taken: 00:00:05.559
2024-12-14 16:51:03,361 - Epoch 11: Train Loss: 1.8914, Train Accuracy: 0.4819, Validation Loss: 1.8761, Validation Accuracy: 0.5065
2024-12-14 16:51:03,492 - Epoch 11: Learning Rate: 0.001000, Weight Decay: 0.0001
2024-12-14 16:51:03,492 - Epoch[11] Complete. Time taken: 00:01:34.916
2024-12-14 16:52:32,259 - Engine run starting with max_epochs=1.
2024-12-14 16:52:37,832 - Epoch[1] Complete. Time taken: 00:00:05.529
2024-12-14 16:52:37,832 - Engine run complete. Time taken: 00:00:05.572
2024-12-14 16:52:37,849 - Epoch 12: Train Loss: 1.8259, Train Accuracy: 0.5103, Validation Loss: 1.7960, Validation Accuracy: 0.5364
2024-12-14 16:52:37,981 - Epoch 12: Learning Rate: 0.001000, Weight Decay: 0.0001
2024-12-14 16:52:37,981 - Epoch[12] Complete. Time taken: 00:01:34.489
2024-12-14 16:54:07,748 - Engine run starting with max_epochs=1.
2024-12-14 16:54:13,249 - Epoch[1] Complete. Time taken: 00:00:05.457
2024-12-14 16:54:13,249 - Engine run complete. Time taken: 00:00:05.501
2024-12-14 16:54:13,269 - Epoch 13: Train Loss: 1.7498, Train Accuracy: 0.5444, Validation Loss: 1.8460, Validation Accuracy: 0.5275
2024-12-14 16:54:13,410 - Epoch 13: Learning Rate: 0.001000, Weight Decay: 0.0001
2024-12-14 16:54:13,410 - Epoch[13] Complete. Time taken: 00:01:35.429
2024-12-14 16:55:42,569 - Engine run starting with max_epochs=1.
2024-12-14 16:55:48,247 - Epoch[1] Complete. Time taken: 00:00:05.636
2024-12-14 16:55:48,247 - Engine run complete. Time taken: 00:00:05.678
2024-12-14 16:55:48,267 - Epoch 14: Train Loss: 1.6895, Train Accuracy: 0.5683, Validation Loss: 1.7429, Validation Accuracy: 0.5704
2024-12-14 16:55:48,419 - Epoch 14: Learning Rate: 0.001000, Weight Decay: 0.0001
2024-12-14 16:55:48,419 - Epoch[14] Complete. Time taken: 00:01:35.009
2024-12-14 16:57:17,007 - Engine run starting with max_epochs=1.
2024-12-14 16:57:22,514 - Epoch[1] Complete. Time taken: 00:00:05.463
2024-12-14 16:57:22,514 - Engine run complete. Time taken: 00:00:05.507
2024-12-14 16:57:22,532 - Epoch 15: Train Loss: 1.6293, Train Accuracy: 0.5953, Validation Loss: 1.7076, Validation Accuracy: 0.5841
2024-12-14 16:57:22,663 - Epoch 15: Learning Rate: 0.001000, Weight Decay: 0.0001
2024-12-14 16:57:22,664 - Epoch[15] Complete. Time taken: 00:01:34.245
2024-12-14 16:58:49,490 - Engine run starting with max_epochs=1.
2024-12-14 16:58:55,056 - Epoch[1] Complete. Time taken: 00:00:05.518
2024-12-14 16:58:55,056 - Engine run complete. Time taken: 00:00:05.567
2024-12-14 16:58:55,075 - Epoch 16: Train Loss: 1.5648, Train Accuracy: 0.6222, Validation Loss: 1.6491, Validation Accuracy: 0.6084
2024-12-14 16:58:55,206 - Epoch 16: Learning Rate: 0.001000, Weight Decay: 0.0001
2024-12-14 16:58:55,207 - Epoch[16] Complete. Time taken: 00:01:32.543
2024-12-14 17:00:23,902 - Engine run starting with max_epochs=1.
2024-12-14 17:00:29,357 - Epoch[1] Complete. Time taken: 00:00:05.412
2024-12-14 17:00:29,357 - Engine run complete. Time taken: 00:00:05.455
2024-12-14 17:00:29,375 - Epoch 17: Train Loss: 1.5155, Train Accuracy: 0.6447, Validation Loss: 1.6710, Validation Accuracy: 0.5995
2024-12-14 17:00:29,505 - Epoch 17: Learning Rate: 0.001000, Weight Decay: 0.0001
2024-12-14 17:00:29,505 - Epoch[17] Complete. Time taken: 00:01:34.298
2024-12-14 17:01:56,500 - Engine run starting with max_epochs=1.
2024-12-14 17:02:02,044 - Epoch[1] Complete. Time taken: 00:00:05.500
2024-12-14 17:02:02,044 - Engine run complete. Time taken: 00:00:05.543
2024-12-14 17:02:02,061 - Epoch 18: Train Loss: 1.4581, Train Accuracy: 0.6664, Validation Loss: 1.6962, Validation Accuracy: 0.5825
2024-12-14 17:02:02,063 - Epoch 18: Learning Rate: 0.001000, Weight Decay: 0.0001
2024-12-14 17:02:02,063 - Epoch[18] Complete. Time taken: 00:01:32.558
2024-12-14 17:03:29,419 - Engine run starting with max_epochs=1.
2024-12-14 17:03:34,959 - Epoch[1] Complete. Time taken: 00:00:05.497
2024-12-14 17:03:34,960 - Engine run complete. Time taken: 00:00:05.541
2024-12-14 17:03:34,977 - Epoch 19: Train Loss: 1.3982, Train Accuracy: 0.6921, Validation Loss: 1.6412, Validation Accuracy: 0.6262
2024-12-14 17:03:35,108 - Epoch 19: Learning Rate: 0.001000, Weight Decay: 0.0001
2024-12-14 17:03:35,108 - Epoch[19] Complete. Time taken: 00:01:33.045
2024-12-14 17:05:02,874 - Engine run starting with max_epochs=1.
2024-12-14 17:05:08,456 - Epoch[1] Complete. Time taken: 00:00:05.539
2024-12-14 17:05:08,457 - Engine run complete. Time taken: 00:00:05.583
2024-12-14 17:05:08,474 - Epoch 20: Train Loss: 1.3497, Train Accuracy: 0.7139, Validation Loss: 1.6055, Validation Accuracy: 0.6400
2024-12-14 17:05:08,606 - Epoch 20: Learning Rate: 0.001000, Weight Decay: 0.0001
2024-12-14 17:05:08,606 - Epoch[20] Complete. Time taken: 00:01:33.497
2024-12-14 17:06:37,140 - Engine run starting with max_epochs=1.
2024-12-14 17:06:42,610 - Epoch[1] Complete. Time taken: 00:00:05.427
2024-12-14 17:06:42,611 - Engine run complete. Time taken: 00:00:05.470
2024-12-14 17:06:42,629 - Epoch 21: Train Loss: 1.2992, Train Accuracy: 0.7372, Validation Loss: 1.5541, Validation Accuracy: 0.6537
2024-12-14 17:06:42,758 - Epoch 21: Learning Rate: 0.001000, Weight Decay: 0.0001
2024-12-14 17:06:42,758 - Epoch[21] Complete. Time taken: 00:01:34.152
2024-12-14 17:08:10,592 - Engine run starting with max_epochs=1.
2024-12-14 17:08:16,084 - Epoch[1] Complete. Time taken: 00:00:05.449
2024-12-14 17:08:16,084 - Engine run complete. Time taken: 00:00:05.491
2024-12-14 17:08:16,100 - Epoch 22: Train Loss: 1.2557, Train Accuracy: 0.7567, Validation Loss: 1.5556, Validation Accuracy: 0.6650
2024-12-14 17:08:16,232 - Epoch 22: Learning Rate: 0.001000, Weight Decay: 0.0001
2024-12-14 17:08:16,232 - Epoch[22] Complete. Time taken: 00:01:33.474
2024-12-14 17:08:16,232 - Engine run complete. Time taken: 00:35:00.738
