2024-12-17 17:04:24,851 - Engine run starting with max_epochs=150.
2024-12-17 17:08:07,997 - Engine run starting with max_epochs=1.
2024-12-17 17:08:13,953 - Epoch[1] Complete. Time taken: 00:00:05.902
2024-12-17 17:08:13,953 - Engine run complete. Time taken: 00:00:05.955
2024-12-17 17:08:13,970 - Epoch 1: Train Loss: 2.5296, Train Weighted F1: 0.0598, Validation Loss: 2.3855, Validation Weighted F1: 0.0723
2024-12-17 17:08:14,069 - Epoch 1: Learning Rate: 0.001000
2024-12-17 17:08:14,070 - Epoch[1] Complete. Time taken: 00:03:49.168
2024-12-17 17:11:56,840 - Engine run starting with max_epochs=1.
2024-12-17 17:12:02,437 - Epoch[1] Complete. Time taken: 00:00:05.560
2024-12-17 17:12:02,437 - Engine run complete. Time taken: 00:00:05.597
2024-12-17 17:12:02,452 - Epoch 2: Train Loss: 2.3317, Train Weighted F1: 0.1059, Validation Loss: 2.2316, Validation Weighted F1: 0.1144
2024-12-17 17:12:02,541 - Epoch 2: Learning Rate: 0.001000
2024-12-17 17:12:02,542 - Epoch[2] Complete. Time taken: 00:03:48.472
2024-12-17 17:15:44,357 - Engine run starting with max_epochs=1.
2024-12-17 17:15:50,015 - Epoch[1] Complete. Time taken: 00:00:05.619
2024-12-17 17:15:50,015 - Engine run complete. Time taken: 00:00:05.657
2024-12-17 17:15:50,029 - Epoch 3: Train Loss: 2.2427, Train Weighted F1: 0.1374, Validation Loss: 2.1871, Validation Weighted F1: 0.1199
2024-12-17 17:15:50,120 - Epoch 3: Learning Rate: 0.001000
2024-12-17 17:15:50,120 - Epoch[3] Complete. Time taken: 00:03:47.578
2024-12-17 17:19:32,735 - Engine run starting with max_epochs=1.
2024-12-17 17:19:38,321 - Epoch[1] Complete. Time taken: 00:00:05.549
2024-12-17 17:19:38,321 - Engine run complete. Time taken: 00:00:05.586
2024-12-17 17:19:38,335 - Epoch 4: Train Loss: 2.1767, Train Weighted F1: 0.1588, Validation Loss: 2.0867, Validation Weighted F1: 0.1595
2024-12-17 17:19:38,432 - Epoch 4: Learning Rate: 0.001000
2024-12-17 17:19:38,432 - Epoch[4] Complete. Time taken: 00:03:48.312
2024-12-17 17:23:22,132 - Engine run starting with max_epochs=1.
2024-12-17 17:23:27,758 - Epoch[1] Complete. Time taken: 00:00:05.589
2024-12-17 17:23:27,758 - Engine run complete. Time taken: 00:00:05.626
2024-12-17 17:23:27,773 - Epoch 5: Train Loss: 2.1063, Train Weighted F1: 0.1865, Validation Loss: 2.0585, Validation Weighted F1: 0.1750
2024-12-17 17:23:27,868 - Epoch 5: Learning Rate: 0.001000
2024-12-17 17:23:27,868 - Epoch[5] Complete. Time taken: 00:03:49.436
2024-12-17 17:27:09,699 - Engine run starting with max_epochs=1.
2024-12-17 17:27:15,340 - Epoch[1] Complete. Time taken: 00:00:05.601
2024-12-17 17:27:15,341 - Engine run complete. Time taken: 00:00:05.642
2024-12-17 17:27:15,356 - Epoch 6: Train Loss: 2.0344, Train Weighted F1: 0.2197, Validation Loss: 2.0279, Validation Weighted F1: 0.2257
2024-12-17 17:27:15,454 - Epoch 6: Learning Rate: 0.001000
2024-12-17 17:27:15,454 - Epoch[6] Complete. Time taken: 00:03:47.586
2024-12-17 17:30:58,938 - Engine run starting with max_epochs=1.
2024-12-17 17:31:04,613 - Epoch[1] Complete. Time taken: 00:00:05.638
2024-12-17 17:31:04,613 - Engine run complete. Time taken: 00:00:05.675
2024-12-17 17:31:04,629 - Epoch 7: Train Loss: 1.9543, Train Weighted F1: 0.2497, Validation Loss: 1.9224, Validation Weighted F1: 0.2396
2024-12-17 17:31:04,724 - Epoch 7: Learning Rate: 0.001000
2024-12-17 17:31:04,725 - Epoch[7] Complete. Time taken: 00:03:49.271
2024-12-17 17:34:48,047 - Engine run starting with max_epochs=1.
2024-12-17 17:34:53,627 - Epoch[1] Complete. Time taken: 00:00:05.542
2024-12-17 17:34:53,627 - Engine run complete. Time taken: 00:00:05.579
2024-12-17 17:34:53,642 - Epoch 8: Train Loss: 1.8679, Train Weighted F1: 0.2818, Validation Loss: 1.8533, Validation Weighted F1: 0.2751
2024-12-17 17:34:53,740 - Epoch 8: Learning Rate: 0.001000
2024-12-17 17:34:53,741 - Epoch[8] Complete. Time taken: 00:03:49.016
2024-12-17 17:38:37,725 - Engine run starting with max_epochs=1.
2024-12-17 17:38:43,344 - Epoch[1] Complete. Time taken: 00:00:05.582
2024-12-17 17:38:43,345 - Engine run complete. Time taken: 00:00:05.619
2024-12-17 17:38:43,359 - Epoch 9: Train Loss: 1.7700, Train Weighted F1: 0.3235, Validation Loss: 1.7955, Validation Weighted F1: 0.2975
2024-12-17 17:38:43,460 - Epoch 9: Learning Rate: 0.001000
2024-12-17 17:38:43,460 - Epoch[9] Complete. Time taken: 00:03:49.720
2024-12-17 17:42:26,542 - Engine run starting with max_epochs=1.
2024-12-17 17:42:32,243 - Epoch[1] Complete. Time taken: 00:00:05.664
2024-12-17 17:42:32,244 - Engine run complete. Time taken: 00:00:05.702
2024-12-17 17:42:32,258 - Epoch 10: Train Loss: 1.6747, Train Weighted F1: 0.3622, Validation Loss: 1.7819, Validation Weighted F1: 0.3252
2024-12-17 17:42:32,356 - Epoch 10: Learning Rate: 0.001000
2024-12-17 17:42:32,356 - Epoch[10] Complete. Time taken: 00:03:48.896
2024-12-17 17:46:16,654 - Engine run starting with max_epochs=1.
2024-12-17 17:46:22,222 - Epoch[1] Complete. Time taken: 00:00:05.531
2024-12-17 17:46:22,222 - Engine run complete. Time taken: 00:00:05.568
2024-12-17 17:46:22,238 - Epoch 11: Train Loss: 1.5836, Train Weighted F1: 0.4051, Validation Loss: 1.7280, Validation Weighted F1: 0.3504
2024-12-17 17:46:22,337 - Epoch 11: Learning Rate: 0.001000
2024-12-17 17:46:22,338 - Epoch[11] Complete. Time taken: 00:03:49.981
2024-12-17 17:50:05,801 - Engine run starting with max_epochs=1.
2024-12-17 17:50:11,390 - Epoch[1] Complete. Time taken: 00:00:05.551
2024-12-17 17:50:11,390 - Engine run complete. Time taken: 00:00:05.589
2024-12-17 17:50:11,405 - Epoch 12: Train Loss: 1.4867, Train Weighted F1: 0.4627, Validation Loss: 1.7041, Validation Weighted F1: 0.3699
2024-12-17 17:50:11,504 - Epoch 12: Learning Rate: 0.001000
2024-12-17 17:50:11,504 - Epoch[12] Complete. Time taken: 00:03:49.166
2024-12-17 17:53:54,788 - Engine run starting with max_epochs=1.
2024-12-17 17:54:00,326 - Epoch[1] Complete. Time taken: 00:00:05.501
2024-12-17 17:54:00,326 - Engine run complete. Time taken: 00:00:05.538
2024-12-17 17:54:00,342 - Epoch 13: Train Loss: 1.3929, Train Weighted F1: 0.5192, Validation Loss: 1.6656, Validation Weighted F1: 0.4071
2024-12-17 17:54:00,440 - Epoch 13: Learning Rate: 0.001000
2024-12-17 17:54:00,440 - Epoch[13] Complete. Time taken: 00:03:48.937
2024-12-17 17:57:42,810 - Engine run starting with max_epochs=1.
2024-12-17 17:57:48,254 - Epoch[1] Complete. Time taken: 00:00:05.407
2024-12-17 17:57:48,254 - Engine run complete. Time taken: 00:00:05.444
2024-12-17 17:57:48,269 - Epoch 14: Train Loss: 1.3023, Train Weighted F1: 0.5685, Validation Loss: 1.6868, Validation Weighted F1: 0.4362
2024-12-17 17:57:48,370 - Epoch 14: Learning Rate: 0.001000
2024-12-17 17:57:48,371 - Epoch[14] Complete. Time taken: 00:03:47.930
2024-12-17 18:01:30,741 - Engine run starting with max_epochs=1.
2024-12-17 18:01:36,297 - Epoch[1] Complete. Time taken: 00:00:05.519
2024-12-17 18:01:36,297 - Engine run complete. Time taken: 00:00:05.556
2024-12-17 18:01:36,312 - Epoch 15: Train Loss: 1.2295, Train Weighted F1: 0.6292, Validation Loss: 1.6696, Validation Weighted F1: 0.3859
2024-12-17 18:01:36,413 - Epoch 15: Learning Rate: 0.001000
2024-12-17 18:01:36,413 - Epoch[15] Complete. Time taken: 00:03:48.043
2024-12-17 18:05:18,727 - Engine run starting with max_epochs=1.
2024-12-17 18:05:24,080 - Epoch[1] Complete. Time taken: 00:00:05.316
2024-12-17 18:05:24,081 - Engine run complete. Time taken: 00:00:05.353
2024-12-17 18:05:24,094 - Epoch 16: Train Loss: 1.1439, Train Weighted F1: 0.6877, Validation Loss: 1.6745, Validation Weighted F1: 0.4577
2024-12-17 18:05:24,198 - Epoch 16: Learning Rate: 0.001000
2024-12-17 18:05:24,198 - Epoch[16] Complete. Time taken: 00:03:47.784
2024-12-17 18:09:04,605 - Engine run starting with max_epochs=1.
2024-12-17 18:09:09,980 - Epoch[1] Complete. Time taken: 00:00:05.338
2024-12-17 18:09:09,981 - Engine run complete. Time taken: 00:00:05.376
2024-12-17 18:09:09,996 - Epoch 17: Train Loss: 1.0771, Train Weighted F1: 0.7420, Validation Loss: 1.6618, Validation Weighted F1: 0.4898
2024-12-17 18:09:10,098 - Epoch 17: Learning Rate: 0.001000
2024-12-17 18:09:10,098 - Epoch[17] Complete. Time taken: 00:03:45.900
2024-12-17 18:12:52,307 - Engine run starting with max_epochs=1.
2024-12-17 18:12:57,880 - Epoch[1] Complete. Time taken: 00:00:05.537
2024-12-17 18:12:57,881 - Engine run complete. Time taken: 00:00:05.574
2024-12-17 18:12:57,896 - Epoch 18: Train Loss: 1.0201, Train Weighted F1: 0.7784, Validation Loss: 1.7040, Validation Weighted F1: 0.4592
2024-12-17 18:12:57,998 - Epoch 18: Learning Rate: 0.001000
2024-12-17 18:12:57,998 - Epoch[18] Complete. Time taken: 00:03:47.900
2024-12-17 18:16:38,174 - Engine run starting with max_epochs=1.
2024-12-17 18:16:43,782 - Epoch[1] Complete. Time taken: 00:00:05.571
2024-12-17 18:16:43,782 - Engine run complete. Time taken: 00:00:05.607
2024-12-17 18:16:43,798 - Epoch 19: Train Loss: 0.9639, Train Weighted F1: 0.8125, Validation Loss: 1.6279, Validation Weighted F1: 0.5069
2024-12-17 18:16:43,900 - Epoch 19: Learning Rate: 0.001000
2024-12-17 18:16:43,900 - Epoch[19] Complete. Time taken: 00:03:45.902
2024-12-17 18:20:21,728 - Engine run starting with max_epochs=1.
2024-12-17 18:20:27,223 - Epoch[1] Complete. Time taken: 00:00:05.458
2024-12-17 18:20:27,224 - Engine run complete. Time taken: 00:00:05.496
2024-12-17 18:20:27,238 - Epoch 20: Train Loss: 0.9195, Train Weighted F1: 0.8463, Validation Loss: 1.6465, Validation Weighted F1: 0.5028
2024-12-17 18:20:27,340 - Epoch 20: Learning Rate: 0.001000
2024-12-17 18:20:27,340 - Epoch[20] Complete. Time taken: 00:03:43.440
2024-12-17 18:24:07,312 - Engine run starting with max_epochs=1.
2024-12-17 18:24:12,874 - Epoch[1] Complete. Time taken: 00:00:05.524
2024-12-17 18:24:12,874 - Engine run complete. Time taken: 00:00:05.562
2024-12-17 18:24:12,890 - Epoch 21: Train Loss: 0.8894, Train Weighted F1: 0.8729, Validation Loss: 1.6007, Validation Weighted F1: 0.5031
2024-12-17 18:24:12,991 - Epoch 21: Learning Rate: 0.001000
2024-12-17 18:24:12,991 - Epoch[21] Complete. Time taken: 00:03:45.651
2024-12-17 18:27:52,956 - Engine run starting with max_epochs=1.
2024-12-17 18:27:58,562 - Epoch[1] Complete. Time taken: 00:00:05.567
2024-12-17 18:27:58,562 - Engine run complete. Time taken: 00:00:05.606
2024-12-17 18:27:58,578 - Epoch 22: Train Loss: 0.8570, Train Weighted F1: 0.8999, Validation Loss: 1.6552, Validation Weighted F1: 0.5152
2024-12-17 18:27:58,681 - Epoch 22: Learning Rate: 0.001000
2024-12-17 18:27:58,681 - Epoch[22] Complete. Time taken: 00:03:45.690
2024-12-17 18:31:38,575 - Engine run starting with max_epochs=1.
2024-12-17 18:31:44,144 - Epoch[1] Complete. Time taken: 00:00:05.531
2024-12-17 18:31:44,144 - Engine run complete. Time taken: 00:00:05.569
2024-12-17 18:31:44,160 - Epoch 23: Train Loss: 0.8388, Train Weighted F1: 0.9113, Validation Loss: 1.6122, Validation Weighted F1: 0.5135
2024-12-17 18:31:44,262 - Epoch 23: Learning Rate: 0.001000
2024-12-17 18:31:44,262 - Epoch[23] Complete. Time taken: 00:03:45.581
2024-12-17 18:35:23,864 - Engine run starting with max_epochs=1.
2024-12-17 18:35:29,428 - Epoch[1] Complete. Time taken: 00:00:05.527
2024-12-17 18:35:29,428 - Engine run complete. Time taken: 00:00:05.565
2024-12-17 18:35:29,444 - Epoch 24: Train Loss: 0.8255, Train Weighted F1: 0.9265, Validation Loss: 1.6551, Validation Weighted F1: 0.5355
2024-12-17 18:35:29,550 - Epoch 24: Learning Rate: 0.001000
2024-12-17 18:35:29,550 - Epoch[24] Complete. Time taken: 00:03:45.288
2024-12-17 18:39:08,709 - Engine run starting with max_epochs=1.
2024-12-17 18:39:14,312 - Epoch[1] Complete. Time taken: 00:00:05.565
2024-12-17 18:39:14,313 - Engine run complete. Time taken: 00:00:05.604
2024-12-17 18:39:14,327 - Epoch 25: Train Loss: 0.7975, Train Weighted F1: 0.9360, Validation Loss: 1.6250, Validation Weighted F1: 0.4855
2024-12-17 18:39:14,340 - Epoch 25: Learning Rate: 0.001000
2024-12-17 18:39:14,340 - Epoch[25] Complete. Time taken: 00:03:44.790
2024-12-17 18:42:54,513 - Engine run starting with max_epochs=1.
2024-12-17 18:43:00,063 - Epoch[1] Complete. Time taken: 00:00:05.512
2024-12-17 18:43:00,063 - Engine run complete. Time taken: 00:00:05.550
2024-12-17 18:43:00,077 - Epoch 26: Train Loss: 0.7938, Train Weighted F1: 0.9292, Validation Loss: 1.6549, Validation Weighted F1: 0.5061
2024-12-17 18:43:00,090 - Epoch 26: Learning Rate: 0.001000
2024-12-17 18:43:00,091 - Epoch[26] Complete. Time taken: 00:03:45.750
2024-12-17 18:46:40,325 - Engine run starting with max_epochs=1.
2024-12-17 18:46:45,950 - Epoch[1] Complete. Time taken: 00:00:05.585
2024-12-17 18:46:45,950 - Engine run complete. Time taken: 00:00:05.625
2024-12-17 18:46:45,965 - Epoch 27: Train Loss: 0.7775, Train Weighted F1: 0.9495, Validation Loss: 1.6219, Validation Weighted F1: 0.5231
2024-12-17 18:46:46,069 - Epoch 27: Learning Rate: 0.001000
2024-12-17 18:46:46,069 - Epoch[27] Complete. Time taken: 00:03:45.979
2024-12-17 18:50:25,861 - Engine run starting with max_epochs=1.
2024-12-17 18:50:31,432 - Epoch[1] Complete. Time taken: 00:00:05.534
2024-12-17 18:50:31,433 - Engine run complete. Time taken: 00:00:05.571
2024-12-17 18:50:31,448 - Epoch 28: Train Loss: 0.7658, Train Weighted F1: 0.9561, Validation Loss: 1.6224, Validation Weighted F1: 0.5058
2024-12-17 18:50:31,462 - Epoch 28: Learning Rate: 0.001000
2024-12-17 18:50:31,462 - Epoch[28] Complete. Time taken: 00:03:45.393
2024-12-17 18:54:11,403 - Engine run starting with max_epochs=1.
2024-12-17 18:54:17,020 - Epoch[1] Complete. Time taken: 00:00:05.581
2024-12-17 18:54:17,021 - Engine run complete. Time taken: 00:00:05.618
2024-12-17 18:54:17,036 - Epoch 29: Train Loss: 0.7659, Train Weighted F1: 0.9555, Validation Loss: 1.6257, Validation Weighted F1: 0.4813
2024-12-17 18:54:17,050 - Epoch 29: Learning Rate: 0.001000
2024-12-17 18:54:17,050 - Epoch[29] Complete. Time taken: 00:03:45.588
2024-12-17 18:57:57,014 - Engine run starting with max_epochs=1.
2024-12-17 18:58:02,603 - Epoch[1] Complete. Time taken: 00:00:05.551
2024-12-17 18:58:02,603 - Engine run complete. Time taken: 00:00:05.588
2024-12-17 18:58:02,618 - Epoch 30: Train Loss: 0.7518, Train Weighted F1: 0.9647, Validation Loss: 1.5939, Validation Weighted F1: 0.4906
2024-12-17 18:58:02,633 - Epoch 30: Learning Rate: 0.001000
2024-12-17 18:58:02,633 - Epoch[30] Complete. Time taken: 00:03:45.583
2024-12-17 19:01:41,191 - Engine run starting with max_epochs=1.
2024-12-17 19:01:46,763 - Epoch[1] Complete. Time taken: 00:00:05.534
2024-12-17 19:01:46,763 - Engine run complete. Time taken: 00:00:05.572
2024-12-17 19:01:46,779 - Epoch 31: Train Loss: 0.7538, Train Weighted F1: 0.9607, Validation Loss: 1.5503, Validation Weighted F1: 0.5259
2024-12-17 19:01:46,886 - Epoch 31: Learning Rate: 0.001000
2024-12-17 19:01:46,887 - Epoch[31] Complete. Time taken: 00:03:44.254
2024-12-17 19:05:28,028 - Engine run starting with max_epochs=1.
2024-12-17 19:05:33,696 - Epoch[1] Complete. Time taken: 00:00:05.631
2024-12-17 19:05:33,696 - Engine run complete. Time taken: 00:00:05.668
2024-12-17 19:05:33,711 - Epoch 32: Train Loss: 0.7376, Train Weighted F1: 0.9693, Validation Loss: 1.6095, Validation Weighted F1: 0.4987
2024-12-17 19:05:33,726 - Epoch 32: Learning Rate: 0.001000
2024-12-17 19:05:33,727 - Epoch[32] Complete. Time taken: 00:03:46.840
2024-12-17 19:09:15,804 - Engine run starting with max_epochs=1.
2024-12-17 19:09:21,761 - Epoch[1] Complete. Time taken: 00:00:05.919
2024-12-17 19:09:21,762 - Engine run complete. Time taken: 00:00:05.958
2024-12-17 19:09:21,777 - Epoch 33: Train Loss: 0.7367, Train Weighted F1: 0.9674, Validation Loss: 1.5868, Validation Weighted F1: 0.5222
2024-12-17 19:09:21,793 - Epoch 33: Learning Rate: 0.001000
2024-12-17 19:09:21,793 - Epoch[33] Complete. Time taken: 00:03:48.067
2024-12-17 19:13:08,765 - Engine run starting with max_epochs=1.
2024-12-17 19:13:14,624 - Epoch[1] Complete. Time taken: 00:00:05.820
2024-12-17 19:13:14,624 - Engine run complete. Time taken: 00:00:05.859
2024-12-17 19:13:14,640 - Epoch 34: Train Loss: 0.7370, Train Weighted F1: 0.9671, Validation Loss: 1.6025, Validation Weighted F1: 0.5245
2024-12-17 19:13:14,877 - Epoch 34: Learning Rate: 0.001000
2024-12-17 19:13:14,877 - Epoch[34] Complete. Time taken: 00:03:53.084
