2024-12-16 22:11:58,431 - Engine run starting with max_epochs=35.
2024-12-16 22:13:28,343 - Engine run starting with max_epochs=1.
2024-12-16 22:13:34,231 - Epoch[1] Complete. Time taken: 00:00:05.837
2024-12-16 22:13:34,231 - Engine run complete. Time taken: 00:00:05.888
2024-12-16 22:13:34,252 - Epoch 1: Train Loss: 2.4501, Train Weighted F1: 0.0796, Validation Loss: 2.3323, Validation Weighted F1: 0.1040
2024-12-16 22:13:34,358 - Epoch 1: Learning Rate: 0.001000
2024-12-16 22:13:34,358 - Epoch[1] Complete. Time taken: 00:01:35.891
2024-12-16 22:15:06,571 - Engine run starting with max_epochs=1.
2024-12-16 22:15:12,289 - Epoch[1] Complete. Time taken: 00:00:05.676
2024-12-16 22:15:12,289 - Engine run complete. Time taken: 00:00:05.718
2024-12-16 22:15:12,305 - Epoch 2: Train Loss: 2.2758, Train Weighted F1: 0.1252, Validation Loss: 2.2546, Validation Weighted F1: 0.1296
2024-12-16 22:15:12,529 - Epoch 2: Learning Rate: 0.001000
2024-12-16 22:15:12,529 - Epoch[2] Complete. Time taken: 00:01:38.171
2024-12-16 22:16:40,720 - Engine run starting with max_epochs=1.
2024-12-16 22:16:46,596 - Epoch[1] Complete. Time taken: 00:00:05.831
2024-12-16 22:16:46,596 - Engine run complete. Time taken: 00:00:05.875
2024-12-16 22:16:46,613 - Epoch 3: Train Loss: 2.2018, Train Weighted F1: 0.1530, Validation Loss: 2.1602, Validation Weighted F1: 0.1535
2024-12-16 22:16:46,703 - Epoch 3: Learning Rate: 0.001000
2024-12-16 22:16:46,703 - Epoch[3] Complete. Time taken: 00:01:34.174
2024-12-16 22:18:20,738 - Engine run starting with max_epochs=1.
2024-12-16 22:18:26,319 - Epoch[1] Complete. Time taken: 00:00:05.537
2024-12-16 22:18:26,319 - Engine run complete. Time taken: 00:00:05.580
2024-12-16 22:18:26,337 - Epoch 4: Train Loss: 2.1373, Train Weighted F1: 0.1780, Validation Loss: 2.1139, Validation Weighted F1: 0.1716
2024-12-16 22:18:26,429 - Epoch 4: Learning Rate: 0.001000
2024-12-16 22:18:26,429 - Epoch[4] Complete. Time taken: 00:01:39.726
2024-12-16 22:19:58,951 - Engine run starting with max_epochs=1.
2024-12-16 22:20:04,607 - Epoch[1] Complete. Time taken: 00:00:05.611
2024-12-16 22:20:04,608 - Engine run complete. Time taken: 00:00:05.656
2024-12-16 22:20:04,627 - Epoch 5: Train Loss: 2.0713, Train Weighted F1: 0.2052, Validation Loss: 2.1674, Validation Weighted F1: 0.1803
2024-12-16 22:20:04,719 - Epoch 5: Learning Rate: 0.001000
2024-12-16 22:20:04,719 - Epoch[5] Complete. Time taken: 00:01:38.290
2024-12-16 22:21:33,763 - Engine run starting with max_epochs=1.
2024-12-16 22:21:39,279 - Epoch[1] Complete. Time taken: 00:00:05.469
2024-12-16 22:21:39,279 - Engine run complete. Time taken: 00:00:05.516
2024-12-16 22:21:39,296 - Epoch 6: Train Loss: 1.9965, Train Weighted F1: 0.2323, Validation Loss: 2.0396, Validation Weighted F1: 0.2168
2024-12-16 22:21:39,387 - Epoch 6: Learning Rate: 0.001000
2024-12-16 22:21:39,387 - Epoch[6] Complete. Time taken: 00:01:34.668
2024-12-16 22:23:11,746 - Engine run starting with max_epochs=1.
2024-12-16 22:23:17,856 - Epoch[1] Complete. Time taken: 00:00:06.067
2024-12-16 22:23:17,856 - Engine run complete. Time taken: 00:00:06.110
2024-12-16 22:23:17,878 - Epoch 7: Train Loss: 1.9227, Train Weighted F1: 0.2563, Validation Loss: 1.9470, Validation Weighted F1: 0.2476
2024-12-16 22:23:17,989 - Epoch 7: Learning Rate: 0.001000
2024-12-16 22:23:17,989 - Epoch[7] Complete. Time taken: 00:01:38.602
2024-12-16 22:24:56,604 - Engine run starting with max_epochs=1.
2024-12-16 22:25:02,129 - Epoch[1] Complete. Time taken: 00:00:05.483
2024-12-16 22:25:02,130 - Engine run complete. Time taken: 00:00:05.525
2024-12-16 22:25:02,147 - Epoch 8: Train Loss: 1.8311, Train Weighted F1: 0.2920, Validation Loss: 2.0419, Validation Weighted F1: 0.2611
2024-12-16 22:25:02,243 - Epoch 8: Learning Rate: 0.001000
2024-12-16 22:25:02,243 - Epoch[8] Complete. Time taken: 00:01:44.254
2024-12-16 22:26:37,113 - Engine run starting with max_epochs=1.
2024-12-16 22:26:42,917 - Epoch[1] Complete. Time taken: 00:00:05.757
2024-12-16 22:26:42,918 - Engine run complete. Time taken: 00:00:05.804
2024-12-16 22:26:42,942 - Epoch 9: Train Loss: 1.7562, Train Weighted F1: 0.3290, Validation Loss: 1.8704, Validation Weighted F1: 0.3034
2024-12-16 22:26:43,046 - Epoch 9: Learning Rate: 0.001000
2024-12-16 22:26:43,046 - Epoch[9] Complete. Time taken: 00:01:40.803
2024-12-16 22:28:19,305 - Engine run starting with max_epochs=1.
2024-12-16 22:28:25,077 - Epoch[1] Complete. Time taken: 00:00:05.725
2024-12-16 22:28:25,077 - Engine run complete. Time taken: 00:00:05.772
2024-12-16 22:28:25,096 - Epoch 10: Train Loss: 1.6642, Train Weighted F1: 0.3735, Validation Loss: 1.8126, Validation Weighted F1: 0.3233
2024-12-16 22:28:25,196 - Epoch 10: Learning Rate: 0.001000
2024-12-16 22:28:25,196 - Epoch[10] Complete. Time taken: 00:01:42.150
2024-12-16 22:30:01,662 - Engine run starting with max_epochs=1.
2024-12-16 22:30:07,526 - Epoch[1] Complete. Time taken: 00:00:05.819
2024-12-16 22:30:07,527 - Engine run complete. Time taken: 00:00:05.864
2024-12-16 22:30:07,547 - Epoch 11: Train Loss: 1.5773, Train Weighted F1: 0.4106, Validation Loss: 1.8197, Validation Weighted F1: 0.3346
2024-12-16 22:30:07,646 - Epoch 11: Learning Rate: 0.001000
2024-12-16 22:30:07,646 - Epoch[11] Complete. Time taken: 00:01:42.450
2024-12-16 22:31:44,069 - Engine run starting with max_epochs=1.
2024-12-16 22:31:49,937 - Epoch[1] Complete. Time taken: 00:00:05.822
2024-12-16 22:31:49,937 - Engine run complete. Time taken: 00:00:05.868
2024-12-16 22:31:49,956 - Epoch 12: Train Loss: 1.4877, Train Weighted F1: 0.4510, Validation Loss: 1.7830, Validation Weighted F1: 0.3556
2024-12-16 22:31:50,057 - Epoch 12: Learning Rate: 0.001000
2024-12-16 22:31:50,057 - Epoch[12] Complete. Time taken: 00:01:42.411
2024-12-16 22:33:23,019 - Engine run starting with max_epochs=1.
2024-12-16 22:33:28,898 - Epoch[1] Complete. Time taken: 00:00:05.834
2024-12-16 22:33:28,898 - Engine run complete. Time taken: 00:00:05.878
2024-12-16 22:33:28,918 - Epoch 13: Train Loss: 1.3919, Train Weighted F1: 0.5019, Validation Loss: 1.8809, Validation Weighted F1: 0.3625
2024-12-16 22:33:29,021 - Epoch 13: Learning Rate: 0.001000
2024-12-16 22:33:29,021 - Epoch[13] Complete. Time taken: 00:01:38.964
2024-12-16 22:35:05,527 - Engine run starting with max_epochs=1.
2024-12-16 22:35:11,366 - Epoch[1] Complete. Time taken: 00:00:05.793
2024-12-16 22:35:11,366 - Engine run complete. Time taken: 00:00:05.838
2024-12-16 22:35:11,385 - Epoch 14: Train Loss: 1.3128, Train Weighted F1: 0.5319, Validation Loss: 1.8354, Validation Weighted F1: 0.3467
2024-12-16 22:35:11,486 - Epoch 14: Learning Rate: 0.001000
2024-12-16 22:35:11,486 - Epoch[14] Complete. Time taken: 00:01:42.465
2024-12-16 22:36:47,558 - Engine run starting with max_epochs=1.
2024-12-16 22:36:53,481 - Epoch[1] Complete. Time taken: 00:00:05.878
2024-12-16 22:36:53,482 - Engine run complete. Time taken: 00:00:05.923
2024-12-16 22:36:53,502 - Epoch 15: Train Loss: 1.2213, Train Weighted F1: 0.5765, Validation Loss: 1.8140, Validation Weighted F1: 0.3859
2024-12-16 22:36:53,606 - Epoch 15: Learning Rate: 0.001000
2024-12-16 22:36:53,606 - Epoch[15] Complete. Time taken: 00:01:42.120
2024-12-16 22:38:30,317 - Engine run starting with max_epochs=1.
2024-12-16 22:38:36,176 - Epoch[1] Complete. Time taken: 00:00:05.813
2024-12-16 22:38:36,177 - Engine run complete. Time taken: 00:00:05.859
2024-12-16 22:38:36,196 - Epoch 16: Train Loss: 1.1482, Train Weighted F1: 0.6296, Validation Loss: 1.8533, Validation Weighted F1: 0.3704
2024-12-16 22:38:36,300 - Epoch 16: Learning Rate: 0.001000
2024-12-16 22:38:36,300 - Epoch[16] Complete. Time taken: 00:01:42.694
2024-12-16 22:40:12,118 - Engine run starting with max_epochs=1.
2024-12-16 22:40:17,993 - Epoch[1] Complete. Time taken: 00:00:05.830
2024-12-16 22:40:17,993 - Engine run complete. Time taken: 00:00:05.875
2024-12-16 22:40:18,012 - Epoch 17: Train Loss: 1.0816, Train Weighted F1: 0.6781, Validation Loss: 1.8730, Validation Weighted F1: 0.3766
2024-12-16 22:40:18,119 - Epoch 17: Learning Rate: 0.001000
2024-12-16 22:40:18,119 - Epoch[17] Complete. Time taken: 00:01:41.819
2024-12-16 22:41:54,137 - Engine run starting with max_epochs=1.
2024-12-16 22:41:59,911 - Epoch[1] Complete. Time taken: 00:00:05.727
2024-12-16 22:41:59,911 - Engine run complete. Time taken: 00:00:05.773
2024-12-16 22:41:59,929 - Epoch 18: Train Loss: 1.0266, Train Weighted F1: 0.7225, Validation Loss: 1.8545, Validation Weighted F1: 0.4371
2024-12-16 22:42:00,031 - Epoch 18: Learning Rate: 0.001000
2024-12-16 22:42:00,031 - Epoch[18] Complete. Time taken: 00:01:41.912
2024-12-16 22:43:36,347 - Engine run starting with max_epochs=1.
2024-12-16 22:43:42,233 - Epoch[1] Complete. Time taken: 00:00:05.839
2024-12-16 22:43:42,233 - Terminate signaled. Engine will stop after current iteration is finished.
2024-12-16 22:43:42,233 - Engine run complete. Time taken: 00:00:05.886
2024-12-16 22:43:42,252 - Epoch 19: Train Loss: 0.9775, Train Weighted F1: 0.7711, Validation Loss: 1.8585, Validation Weighted F1: 0.3785
2024-12-16 22:43:42,357 - Epoch 19: Learning Rate: 0.001000
2024-12-16 22:43:42,357 - Engine run complete. Time taken: 00:31:43.926
2024-12-16 22:44:40,164 - Engine run resuming from iteration 13148, epoch 19 until 35 epochs
2024-12-16 22:46:16,690 - Engine run starting with max_epochs=1.
2024-12-16 22:46:22,652 - Epoch[1] Complete. Time taken: 00:00:05.918
2024-12-16 22:46:22,652 - Terminate signaled. Engine will stop after current iteration is finished.
2024-12-16 22:46:22,652 - Engine run complete. Time taken: 00:00:05.962
2024-12-16 22:46:22,671 - Epoch 20: Train Loss: 0.9375, Train Weighted F1: 0.8011, Validation Loss: 1.9112, Validation Weighted F1: 0.4162
2024-12-16 22:46:22,778 - Epoch 20: Learning Rate: 0.001000
2024-12-16 22:46:22,778 - Engine run complete. Time taken: 00:01:42.613
2024-12-16 22:47:26,641 - Engine run resuming from iteration 13840, epoch 20 until 35 epochs
2024-12-16 22:49:03,433 - Engine run starting with max_epochs=1.
2024-12-16 22:49:09,293 - Epoch[1] Complete. Time taken: 00:00:05.817
2024-12-16 22:49:09,294 - Terminate signaled. Engine will stop after current iteration is finished.
2024-12-16 22:49:09,294 - Engine run complete. Time taken: 00:00:05.861
2024-12-16 22:49:09,313 - Epoch 21: Train Loss: 0.9049, Train Weighted F1: 0.8341, Validation Loss: 1.8684, Validation Weighted F1: 0.3995
2024-12-16 22:49:09,419 - Epoch 21: Learning Rate: 0.001000
2024-12-16 22:49:09,419 - Engine run complete. Time taken: 00:01:42.778
2024-12-16 22:49:09,448 - Engine run resuming from iteration 14532, epoch 21 until 35 epochs
2024-12-16 22:50:46,732 - Engine run starting with max_epochs=1.
2024-12-16 22:50:52,475 - Epoch[1] Complete. Time taken: 00:00:05.700
2024-12-16 22:50:52,476 - Terminate signaled. Engine will stop after current iteration is finished.
2024-12-16 22:50:52,476 - Engine run complete. Time taken: 00:00:05.743
2024-12-16 22:50:52,496 - Epoch 22: Train Loss: 0.8639, Train Weighted F1: 0.8574, Validation Loss: 1.9360, Validation Weighted F1: 0.4178
2024-12-16 22:50:52,601 - Epoch 22: Learning Rate: 0.001000
2024-12-16 22:50:52,601 - Engine run complete. Time taken: 00:01:43.153
2024-12-16 22:51:06,223 - Engine run resuming from iteration 15224, epoch 22 until 35 epochs
2024-12-16 22:52:42,928 - Engine run starting with max_epochs=1.
2024-12-16 22:52:48,845 - Epoch[1] Complete. Time taken: 00:00:05.872
2024-12-16 22:52:48,845 - Terminate signaled. Engine will stop after current iteration is finished.
2024-12-16 22:52:48,845 - Engine run complete. Time taken: 00:00:05.917
2024-12-16 22:52:48,868 - Epoch 23: Train Loss: 0.8525, Train Weighted F1: 0.8762, Validation Loss: 1.9487, Validation Weighted F1: 0.3961
2024-12-16 22:52:48,881 - Epoch 23: Learning Rate: 0.001000
2024-12-16 22:52:48,881 - Engine run complete. Time taken: 00:01:42.658
2024-12-16 22:52:48,908 - Engine run resuming from iteration 15916, epoch 23 until 35 epochs
2024-12-16 22:54:26,205 - Engine run starting with max_epochs=1.
2024-12-16 22:54:31,937 - Epoch[1] Complete. Time taken: 00:00:05.689
2024-12-16 22:54:31,938 - Terminate signaled. Engine will stop after current iteration is finished.
2024-12-16 22:54:31,938 - Engine run complete. Time taken: 00:00:05.732
2024-12-16 22:54:31,955 - Epoch 24: Train Loss: 0.8381, Train Weighted F1: 0.8896, Validation Loss: 1.8722, Validation Weighted F1: 0.3888
2024-12-16 22:54:31,970 - Epoch 24: Learning Rate: 0.001000
2024-12-16 22:54:31,970 - Engine run complete. Time taken: 00:01:43.061
